[2026-03-18 10:57:09,285] INFO audit User found ann
[2026-03-18 10:57:09,318] INFO audit Login success ann
[2026-03-18 13:19:31,941] INFO audit User found ann
[2026-03-18 13:19:31,960] INFO audit Login success ann
[2026-03-18 13:20:17,075] INFO audit User found ann
[2026-03-18 13:20:17,078] INFO audit Login success ann
[2026-03-18 13:20:42,527] INFO audit Logout success ann
[2026-03-18 13:37:58,794] INFO audit User found sreenand
[2026-03-18 13:38:03,116] INFO audit Admin OTP sent sreenand
[2026-03-18 13:38:45,555] INFO audit OTP verify attempt sreenand
[2026-03-18 13:38:45,603] INFO audit OTP verified sreenand
[2026-03-18 16:37:53,479] INFO audit User found sreenand
[2026-03-18 16:37:58,224] INFO audit Admin OTP sent sreenand
[2026-03-18 16:38:37,779] INFO audit OTP verify attempt sreenand
[2026-03-18 16:38:37,828] INFO audit OTP verified sreenand
[2026-03-18 16:39:19,145] INFO audit User unlocked ann
[2026-03-18 16:40:06,105] INFO audit User found ann
[2026-03-18 16:40:06,109] INFO audit Login success ann
[2026-03-18 16:41:02,888] INFO audit User found ann
[2026-03-18 16:41:02,891] INFO audit Login success ann
[2026-03-18 16:54:40,935] INFO audit User found ann
[2026-03-18 16:54:40,952] INFO audit Login success ann
[2026-03-18 16:54:43,891] INFO audit User found ann
[2026-03-18 16:54:43,895] INFO audit Login success ann
[2026-03-18 16:54:45,757] INFO audit User found ann
[2026-03-18 16:54:45,760] INFO audit Login success ann
[2026-03-18 16:54:47,295] INFO audit User found ann
[2026-03-18 16:54:47,298] INFO audit Login success ann
[2026-03-18 16:54:48,810] INFO audit User found ann
[2026-03-18 16:54:48,813] INFO audit Login success ann
[2026-03-19 10:25:51,835] INFO audit User found ann
[2026-03-19 10:25:51,867] INFO audit Login success ann
[2026-03-19 10:39:50,314] INFO audit Forgot password attempt ann
[2026-03-19 10:39:55,892] INFO audit Reset OTP sent ann
[2026-03-19 11:36:05,945] INFO audit User found ann
[2026-03-19 11:36:05,966] INFO audit Login success ann
[2026-03-19 11:36:34,141] INFO audit User found ann
[2026-03-19 11:36:34,153] INFO audit Login success ann
[2026-03-19 11:37:41,288] INFO audit User found sreenand
[2026-03-19 11:37:45,336] INFO audit Admin OTP sent sreenand
[2026-03-19 11:42:12,995] INFO audit User found sreenand
[2026-03-19 11:42:18,823] INFO audit Admin OTP sent sreenand
[2026-03-19 11:42:35,567] INFO audit OTP verify attempt sreenand
[2026-03-19 11:42:35,736] INFO audit OTP verified sreenand
[2026-03-19 11:43:41,889] INFO audit User found sreenand
[2026-03-19 11:43:46,664] INFO audit Admin OTP sent sreenand
[2026-03-19 11:43:58,190] INFO audit OTP verify attempt sreenand
[2026-03-19 11:43:58,234] INFO audit OTP verified sreenand
[2026-03-19 11:52:39,394] INFO audit User found sreenand
[2026-03-19 11:52:44,593] INFO audit Admin OTP sent sreenand
[2026-03-19 11:52:54,787] INFO audit OTP verify attempt sreenand
[2026-03-19 11:52:54,833] INFO audit OTP verified sreenand
[2026-03-19 12:03:36,431] INFO audit User found sreenand
[2026-03-19 12:03:41,215] INFO audit Admin OTP sent sreenand
[2026-03-19 12:03:50,708] INFO audit OTP verify attempt sreenand
[2026-03-19 12:03:50,759] INFO audit OTP verified sreenand
[2026-03-19 12:04:30,097] INFO audit User deactivated ann
[2026-03-19 12:05:23,502] INFO audit User found sreenand
[2026-03-19 12:05:27,821] INFO audit Admin OTP sent sreenand
[2026-03-19 12:05:41,431] INFO audit OTP verify attempt sreenand
[2026-03-19 12:05:41,479] INFO audit OTP verified sreenand
[2026-03-19 12:07:55,029] INFO audit Logout success sreenand
[2026-03-19 12:07:57,093] INFO audit User found sreenand
[2026-03-19 12:08:01,732] INFO audit Admin OTP sent sreenand
[2026-03-19 12:08:09,800] INFO audit OTP verify attempt sreenand
[2026-03-19 12:08:09,848] INFO audit OTP verified sreenand
[2026-03-19 12:11:04,185] INFO audit User found sreenand
[2026-03-19 12:11:08,943] INFO audit Admin OTP sent sreenand
[2026-03-19 12:11:19,410] INFO audit OTP verify attempt sreenand
[2026-03-19 12:11:19,459] INFO audit OTP verified sreenand
[2026-03-19 12:18:26,307] INFO audit User found sreenand
[2026-03-19 12:18:31,940] INFO audit Admin OTP sent sreenand
[2026-03-19 12:18:45,879] INFO audit OTP verify attempt sreenand
[2026-03-19 12:18:45,924] INFO audit OTP verified sreenand
[2026-03-24 10:41:30,610] INFO audit User found sreenand
[2026-03-24 10:41:36,902] INFO audit Admin OTP sent sreenand
[2026-03-24 10:42:26,914] INFO audit OTP verify attempt sreenand
[2026-03-24 10:42:26,986] INFO audit OTP verified sreenand
[2026-03-24 10:46:25,610] INFO audit User found sreenand
[2026-03-24 10:46:40,835] INFO audit Admin OTP sent sreenand
[2026-03-24 10:47:26,062] INFO audit OTP verify attempt sreenand
[2026-03-24 10:47:26,109] INFO audit OTP verified sreenand
[2026-03-24 10:47:30,064] INFO audit OTP verify attempt sreenand
[2026-03-24 10:48:01,609] INFO audit User found sreenand
[2026-03-24 10:48:06,141] INFO audit Admin OTP sent sreenand
[2026-03-24 10:48:25,496] INFO audit OTP verify attempt sreenand
[2026-03-24 10:48:25,649] INFO audit OTP verified sreenand
[2026-03-24 11:09:25,229] INFO audit User found sreenand
[2026-03-24 11:09:29,575] INFO audit Admin OTP sent sreenand
[2026-03-24 11:10:02,565] INFO audit OTP verify attempt sreenand
[2026-03-24 11:10:02,614] INFO audit OTP verified sreenand
[2026-03-24 11:15:48,750] INFO audit User found sreenand
[2026-03-24 11:15:52,887] INFO audit Admin OTP sent sreenand
[2026-03-24 11:16:40,041] INFO audit OTP verify attempt sreenand
[2026-03-24 11:16:40,090] INFO audit OTP verified sreenand
[2026-03-24 11:20:50,565] INFO audit User found sreenand
[2026-03-24 11:20:55,186] INFO audit Admin OTP sent sreenand
[2026-03-24 11:21:24,789] INFO audit OTP verify attempt sreenand
[2026-03-24 11:21:24,840] INFO audit OTP verified sreenand
[2026-03-24 11:26:13,580] INFO audit User found sreenand
[2026-03-24 11:26:18,186] INFO audit Admin OTP sent sreenand
[2026-03-24 11:26:50,858] INFO audit OTP verify attempt sreenand
[2026-03-24 11:26:50,904] INFO audit OTP verified sreenand
[2026-03-24 11:34:17,048] INFO audit User found sreenand
[2026-03-24 11:34:20,911] INFO audit Admin OTP sent sreenand
[2026-03-24 11:34:53,358] INFO audit OTP verify attempt sreenand
[2026-03-24 11:34:53,406] INFO audit OTP verified sreenand
[2026-03-24 11:36:59,735] INFO audit User found sreenand
[2026-03-24 11:37:03,837] INFO audit Admin OTP sent sreenand
[2026-03-24 11:37:27,538] INFO audit OTP verify attempt sreenand
[2026-03-24 11:37:27,589] INFO audit OTP verified sreenand
[2026-03-24 11:37:40,100] INFO audit OTP verify attempt sreenand
[2026-03-24 14:28:45,246] INFO audit User found sreenand
[2026-03-24 14:28:48,924] INFO audit Admin OTP sent sreenand
[2026-03-24 14:29:46,357] INFO audit OTP verify attempt sreenand
[2026-03-24 14:29:46,409] INFO audit OTP verified sreenand
[2026-03-24 14:31:48,126] INFO audit User found sreenand
[2026-03-24 14:31:52,938] INFO audit Admin OTP sent sreenand
[2026-03-24 14:32:12,284] INFO audit OTP verify attempt sreenand
[2026-03-24 14:32:12,336] INFO audit OTP verified sreenand
[2026-03-24 14:53:53,007] INFO audit User found ann
[2026-03-24 14:53:57,463] INFO audit Force reset OTP sent ann
[2026-03-24 14:55:23,862] INFO audit Reset OTP verify attempt ann
[2026-03-24 14:55:24,014] INFO audit Reset OTP verified ann
[2026-03-24 14:55:35,964] INFO audit Reset OTP verify attempt ann
[2026-03-24 14:55:51,231] INFO audit User found ann
[2026-03-24 14:55:55,523] INFO audit Force reset OTP sent ann
[2026-03-24 14:56:48,506] INFO audit User found ann
[2026-03-24 14:56:52,975] INFO audit Force reset OTP sent ann
[2026-03-24 14:58:02,123] INFO audit Reset OTP verify attempt ann
[2026-03-24 14:58:02,171] INFO audit Reset OTP verified ann
[2026-03-24 15:00:28,039] INFO audit Password reset attempt ann
[2026-03-24 15:00:28,835] INFO audit Password reset success ann
[2026-03-24 15:02:54,499] INFO audit Password reset attempt ann
[2026-03-24 15:03:00,530] INFO audit Password reset attempt ann
[2026-03-24 15:32:01,719] INFO audit User found ann
[2026-03-24 15:32:01,745] INFO audit Login success ann
[2026-03-24 15:36:04,332] INFO audit User found sreenand
[2026-03-24 15:36:09,214] INFO audit Admin OTP sent sreenand
[2026-03-24 15:36:49,937] INFO audit OTP verify attempt sreenand
[2026-03-24 15:36:49,985] INFO audit OTP verified sreenand
[2026-03-24 15:38:09,103] INFO audit User created akshay
[2026-03-24 15:38:57,316] INFO audit User found akshay
[2026-03-24 15:39:01,350] INFO audit Force reset OTP sent akshay
[2026-03-24 15:51:28,912] INFO audit User found akshay
[2026-03-24 15:51:34,342] INFO audit Force reset OTP sent akshay
[2026-03-24 16:02:27,458] INFO audit User found akshay
[2026-03-24 16:02:32,604] INFO audit Force reset OTP sent akshay
[2026-03-24 16:04:16,784] INFO audit User found sreenand
[2026-03-24 16:04:21,359] INFO audit Admin OTP sent sreenand
[2026-03-24 16:04:59,377] INFO audit OTP verify attempt sreenand
[2026-03-24 16:04:59,428] INFO audit OTP verified sreenand
[2026-03-24 16:07:18,934] INFO audit User created david
[2026-03-24 16:08:07,612] INFO audit User found david
[2026-03-24 16:08:11,831] INFO audit Force reset OTP sent david
[2026-03-24 16:09:33,019] INFO audit Reset OTP verify attempt david
[2026-03-24 16:09:33,069] INFO audit Reset OTP verified david
[2026-03-24 16:44:50,911] INFO audit User found sreenand
[2026-03-24 16:44:55,738] INFO audit Admin OTP sent sreenand
[2026-03-24 16:45:38,605] INFO audit OTP verify attempt sreenand
[2026-03-24 16:45:43,218] INFO audit OTP verify attempt sreenand
[2026-03-24 16:45:56,940] INFO audit OTP verify attempt sreenand
[2026-03-24 16:46:36,320] INFO audit User found sreenand
[2026-03-24 16:46:41,221] INFO audit Admin OTP sent sreenand
[2026-03-24 16:47:11,805] INFO audit OTP verify attempt sreenand
[2026-03-24 16:53:40,263] INFO audit User found sreenand
[2026-03-24 16:53:44,406] INFO audit Admin OTP sent sreenand
[2026-03-24 16:54:10,259] INFO audit OTP verify attempt sreenand
[2026-03-24 16:54:10,308] INFO audit OTP verified sreenand
[2026-03-24 16:55:42,509] INFO audit User created david
[2026-03-24 16:56:22,744] INFO audit User found david
[2026-03-24 16:56:27,760] INFO audit Force reset OTP sent david
[2026-03-24 16:57:16,735] INFO audit Reset OTP verify attempt david
[2026-03-24 16:57:16,781] INFO audit Reset OTP verified david
[2026-03-24 16:57:54,379] INFO audit OTP verify attempt david
[2026-03-24 16:57:58,816] INFO audit OTP verify attempt david
[2026-03-24 17:04:34,875] INFO audit Password reset attempt david
[2026-03-24 17:04:35,641] INFO audit Password reset success david
[2026-03-24 17:05:53,199] INFO audit User found david
[2026-03-24 17:05:53,210] INFO audit Login success david
[2026-03-24 17:15:26,636] INFO audit Password reset attempt david
[2026-03-24 18:16:52,109] INFO audit User found sreenand
[2026-03-24 18:16:56,760] INFO audit Admin OTP sent sreenand
[2026-03-24 18:17:30,716] INFO audit OTP verify attempt sreenand
[2026-03-24 18:17:30,766] INFO audit OTP verified sreenand
[2026-03-24 18:18:42,279] INFO audit User created david
[2026-03-24 18:19:25,219] INFO audit User found david
[2026-03-24 18:19:25,223] INFO audit Reset token generated david
[2026-03-24 18:26:07,419] INFO audit User found david
[2026-03-24 18:26:07,424] INFO audit Reset token generated david
[2026-03-24 18:26:55,570] INFO audit Password reset success david
[2026-03-24 18:27:18,966] INFO audit User found david
[2026-03-24 18:27:18,983] INFO audit Login success david
[2026-03-25 14:45:18,126] INFO audit User found david
[2026-03-25 14:45:18,168] INFO audit Login success david
[2026-03-25 14:46:17,586] INFO audit User found sreenand
[2026-03-25 14:46:23,441] INFO audit Admin OTP sent sreenand
[2026-03-25 14:46:53,478] INFO audit OTP verify attempt username
[2026-03-25 14:47:04,670] INFO audit OTP verify attempt sreenand
[2026-03-25 14:47:04,722] INFO audit OTP verified sreenand
[2026-03-25 14:49:51,920] INFO audit Room created 1 by sreenand
[2026-03-26 09:33:46,655] INFO audit User found sreenand
[2026-03-26 09:33:51,356] INFO audit Admin OTP sent sreenand
[2026-03-26 09:34:29,631] INFO audit OTP verify attempt sreenand
[2026-03-26 09:34:29,693] INFO audit OTP verified sreenand
[2026-03-26 09:35:26,299] INFO audit Bed created 1 by sreenand
[2026-03-26 09:41:50,203] INFO audit Patient deleted 1 by sreenand
[2026-03-26 12:56:26,792] INFO audit User found sreenand
[2026-03-26 12:56:31,156] INFO audit Admin OTP sent sreenand
[2026-03-26 12:56:59,485] INFO audit OTP verify attempt sreenand
[2026-03-26 12:56:59,636] INFO audit OTP verified sreenand
[2026-03-26 17:00:47,999] INFO audit User found sreenand
[2026-03-26 17:00:52,505] INFO audit Admin OTP sent sreenand
[2026-03-26 17:01:23,781] INFO audit OTP verify attempt sreenand
[2026-03-26 17:01:23,830] INFO audit OTP verified sreenand
[2026-03-26 17:06:44,235] INFO audit User created james
[2026-04-06 10:03:06,113] INFO audit User found sreenand
[2026-04-06 10:03:11,572] INFO audit Admin OTP sent sreenand
[2026-04-06 10:04:28,792] INFO audit OTP verify attempt sreenand
[2026-04-06 10:04:28,832] INFO audit OTP verified sreenand
[2026-04-06 11:12:10,753] INFO audit User found sreenand
[2026-04-06 11:12:17,486] INFO audit Admin OTP sent sreenand
[2026-04-06 11:12:37,523] INFO audit OTP verify attempt sreenand
[2026-04-06 11:12:37,573] INFO audit OTP verified sreenand
[2026-04-06 11:16:30,434] INFO audit User found sreenand
[2026-04-06 11:16:36,060] INFO audit Admin OTP sent sreenand
[2026-04-06 11:16:43,540] INFO audit OTP verify attempt sreenand
[2026-04-06 11:16:55,356] INFO audit OTP verify attempt sreenand
[2026-04-06 11:16:55,507] INFO audit OTP verified sreenand
