[2026-03-18 14:17:02,464] ERROR django.request Internal Server Error: /api/accounts/login/
[2026-03-19 10:05:55,438] ERROR django.request Internal Server Error: /api/accounts/login/
[2026-03-19 10:09:06,980] ERROR django.request Internal Server Error: /api/accounts/login/
[2026-03-19 10:21:25,239] ERROR django.request Internal Server Error: /api/accounts/login/
[2026-03-19 10:22:16,943] ERROR django.request Internal Server Error: /api/accounts/login/
[2026-03-19 12:04:11,237] ERROR django.request Internal Server Error: /api/accounts/online-users/
[2026-03-19 12:04:19,806] ERROR django.request Internal Server Error: /api/accounts/online-users/
[2026-03-19 12:04:37,936] ERROR django.request Internal Server Error: /api/accounts/online-users/
[2026-03-19 12:05:04,416] ERROR django.request Internal Server Error: /api/accounts/online-users/
[2026-03-19 12:05:14,322] ERROR django.request Internal Server Error: /api/accounts/online-users/
[2026-03-19 12:07:03,902] ERROR django.request Internal Server Error: /api/accounts/online-users/
[2026-03-19 12:07:31,202] ERROR django.request Internal Server Error: /api/accounts/online-users/
[2026-03-19 12:10:58,908] ERROR django.request Internal Server Error: /api/accounts/online-users/
[2026-03-19 12:18:12,556] ERROR django.request Internal Server Error: /api/accounts/online-users/
[2026-03-19 12:18:50,214] ERROR django.request Internal Server Error: /api/accounts/online-users/
[2026-03-19 12:23:46,098] ERROR django.request Internal Server Error: /api/accounts/online-users/
[2026-03-24 09:46:00,558] ERROR django.request Internal Server Error: /admin/wards/ward/
Traceback (most recent call last):
  File "C:\Users\SREENAND PK\Desktop\PROJECTS\CareStream_backend\venv\Lib\site-packages\django\db\backends\utils.py", line 105, in _execute
    return self.cursor.execute(sql, params)
           ~~~~~~~~~~~~~~~~~~~^^^^^^^^^^^^^
psycopg2.errors.UndefinedColumn: column wards_ward.is_deleted does not exist
LINE 1: ...COUNT(*) AS "__count" FROM "wards_ward" WHERE NOT "wards_war...
                                                             ^


The above exception was the direct cause of the following exception:

Traceback (most recent call last):
  File "C:\Users\SREENAND PK\Desktop\PROJECTS\CareStream_backend\venv\Lib\site-packages\django\core\handlers\exception.py", line 55, in inner
    response = get_response(request)
  File "C:\Users\SREENAND PK\Desktop\PROJECTS\CareStream_backend\venv\Lib\site-packages\django\core\handlers\base.py", line 198, in _get_response
    response = wrapped_callback(request, *callback_args, **callback_kwargs)
  File "C:\Users\SREENAND PK\Desktop\PROJECTS\CareStream_backend\venv\Lib\site-packages\django\contrib\admin\options.py", line 710, in wrapper
    return self.admin_site.admin_view(view)(*args, **kwargs)
           ~~~~~~~~~~~~~~~~~~~~~~~~~~~~~~~~^^^^^^^^^^^^^^^^^
  File "C:\Users\SREENAND PK\Desktop\PROJECTS\CareStream_backend\venv\Lib\site-packages\django\utils\decorators.py", line 192, in _view_wrapper
    result = _process_exception(request, e)
  File "C:\Users\SREENAND PK\Desktop\PROJECTS\CareStream_backend\venv\Lib\site-packages\django\utils\decorators.py", line 190, in _view_wrapper
    response = view_func(request, *args, **kwargs)
  File "C:\Users\SREENAND PK\Desktop\PROJECTS\CareStream_backend\venv\Lib\site-packages\django\views\decorators\cache.py", line 80, in _view_wrapper
    response = view_func(request, *args, **kwargs)
  File "C:\Users\SREENAND PK\Desktop\PROJECTS\CareStream_backend\venv\Lib\site-packages\django\contrib\admin\sites.py", line 247, in inner
    return view(request, *args, **kwargs)
  File "C:\Users\SREENAND PK\Desktop\PROJECTS\CareStream_backend\venv\Lib\site-packages\django\utils\decorators.py", line 48, in _wrapper
    return bound_method(*args, **kwargs)
  File "C:\Users\SREENAND PK\Desktop\PROJECTS\CareStream_backend\venv\Lib\site-packages\django\utils\decorators.py", line 192, in _view_wrapper
    result = _process_exception(request, e)
  File "C:\Users\SREENAND PK\Desktop\PROJECTS\CareStream_backend\venv\Lib\site-packages\django\utils\decorators.py", line 190, in _view_wrapper
    response = view_func(request, *args, **kwargs)
  File "C:\Users\SREENAND PK\Desktop\PROJECTS\CareStream_backend\venv\Lib\site-packages\django\contrib\admin\options.py", line 1982, in changelist_view
    cl = self.get_changelist_instance(request)
  File "C:\Users\SREENAND PK\Desktop\PROJECTS\CareStream_backend\venv\Lib\site-packages\django\contrib\admin\options.py", line 857, in get_changelist_instance
    return ChangeList(
        request,
    ...<12 lines>...
        self.search_help_text,
    )
  File "C:\Users\SREENAND PK\Desktop\PROJECTS\CareStream_backend\venv\Lib\site-packages\django\contrib\admin\views\main.py", line 143, in __init__
    self.get_results(request)
    ~~~~~~~~~~~~~~~~^^^^^^^^^
  File "C:\Users\SREENAND PK\Desktop\PROJECTS\CareStream_backend\venv\Lib\site-packages\django\contrib\admin\views\main.py", line 300, in get_results
    result_count = paginator.count
                   ^^^^^^^^^^^^^^^
  File "C:\Users\SREENAND PK\Desktop\PROJECTS\CareStream_backend\venv\Lib\site-packages\django\utils\functional.py", line 47, in __get__
    res = instance.__dict__[self.name] = self.func(instance)
                                         ~~~~~~~~~^^^^^^^^^^
  File "C:\Users\SREENAND PK\Desktop\PROJECTS\CareStream_backend\venv\Lib\site-packages\django\core\paginator.py", line 189, in count
    return c()
  File "C:\Users\SREENAND PK\Desktop\PROJECTS\CareStream_backend\venv\Lib\site-packages\django\db\models\query.py", line 610, in count
    return self.query.get_count(using=self.db)
           ~~~~~~~~~~~~~~~~~~~~^^^^^^^^^^^^^^^
  File "C:\Users\SREENAND PK\Desktop\PROJECTS\CareStream_backend\venv\Lib\site-packages\django\db\models\sql\query.py", line 656, in get_count
    return obj.get_aggregation(using, {"__count": Count("*")})["__count"]
           ~~~~~~~~~~~~~~~~~~~^^^^^^^^^^^^^^^^^^^^^^^^^^^^^^^^
  File "C:\Users\SREENAND PK\Desktop\PROJECTS\CareStream_backend\venv\Lib\site-packages\django\db\models\sql\query.py", line 638, in get_aggregation
    result = compiler.execute_sql(SINGLE)
  File "C:\Users\SREENAND PK\Desktop\PROJECTS\CareStream_backend\venv\Lib\site-packages\django\db\models\sql\compiler.py", line 1624, in execute_sql
    cursor.execute(sql, params)
    ~~~~~~~~~~~~~~^^^^^^^^^^^^^
  File "C:\Users\SREENAND PK\Desktop\PROJECTS\CareStream_backend\venv\Lib\site-packages\django\db\backends\utils.py", line 122, in execute
    return super().execute(sql, params)
           ~~~~~~~~~~~~~~~^^^^^^^^^^^^^
  File "C:\Users\SREENAND PK\Desktop\PROJECTS\CareStream_backend\venv\Lib\site-packages\django\db\backends\utils.py", line 79, in execute
    return self._execute_with_wrappers(
           ~~~~~~~~~~~~~~~~~~~~~~~~~~~^
        sql, params, many=False, executor=self._execute
        ^^^^^^^^^^^^^^^^^^^^^^^^^^^^^^^^^^^^^^^^^^^^^^^
    )
    ^
  File "C:\Users\SREENAND PK\Desktop\PROJECTS\CareStream_backend\venv\Lib\site-packages\django\db\backends\utils.py", line 92, in _execute_with_wrappers
    return executor(sql, params, many, context)
  File "C:\Users\SREENAND PK\Desktop\PROJECTS\CareStream_backend\venv\Lib\site-packages\django\db\backends\utils.py", line 100, in _execute
    with self.db.wrap_database_errors:
         ^^^^^^^^^^^^^^^^^^^^^^^^^^^^
  File "C:\Users\SREENAND PK\Desktop\PROJECTS\CareStream_backend\venv\Lib\site-packages\django\db\utils.py", line 94, in __exit__
    raise dj_exc_value.with_traceback(traceback) from exc_value
  File "C:\Users\SREENAND PK\Desktop\PROJECTS\CareStream_backend\venv\Lib\site-packages\django\db\backends\utils.py", line 105, in _execute
    return self.cursor.execute(sql, params)
           ~~~~~~~~~~~~~~~~~~~^^^^^^^^^^^^^
django.db.utils.ProgrammingError: column wards_ward.is_deleted does not exist
LINE 1: ...COUNT(*) AS "__count" FROM "wards_ward" WHERE NOT "wards_war...
                                                             ^

[2026-03-24 14:33:03,784] ERROR django.request Internal Server Error: /api/accounts/online-users/
[2026-03-26 09:31:56,928] ERROR django.request Internal Server Error: /api/accounts/login/
[2026-03-26 09:32:43,807] ERROR django.request Internal Server Error: /api/accounts/login/
[2026-03-26 09:38:02,945] ERROR django.request Internal Server Error: /admin/patients/patient/
Traceback (most recent call last):
  File "C:\Users\SREENAND PK\Desktop\PROJECTS\CareStream_backend\venv\Lib\site-packages\django\db\backends\utils.py", line 105, in _execute
    return self.cursor.execute(sql, params)
           ~~~~~~~~~~~~~~~~~~~^^^^^^^^^^^^^
psycopg2.errors.UndefinedColumn: column patients_patient.is_deleted does not exist
LINE 1: ...*) AS "__count" FROM "patients_patient" WHERE NOT "patients_...
                                                             ^


The above exception was the direct cause of the following exception:

Traceback (most recent call last):
  File "C:\Users\SREENAND PK\Desktop\PROJECTS\CareStream_backend\venv\Lib\site-packages\django\core\handlers\exception.py", line 55, in inner
    response = get_response(request)
  File "C:\Users\SREENAND PK\Desktop\PROJECTS\CareStream_backend\venv\Lib\site-packages\django\core\handlers\base.py", line 198, in _get_response
    response = wrapped_callback(request, *callback_args, **callback_kwargs)
  File "C:\Users\SREENAND PK\Desktop\PROJECTS\CareStream_backend\venv\Lib\site-packages\django\contrib\admin\options.py", line 710, in wrapper
    return self.admin_site.admin_view(view)(*args, **kwargs)
           ~~~~~~~~~~~~~~~~~~~~~~~~~~~~~~~~^^^^^^^^^^^^^^^^^
  File "C:\Users\SREENAND PK\Desktop\PROJECTS\CareStream_backend\venv\Lib\site-packages\django\utils\decorators.py", line 192, in _view_wrapper
    result = _process_exception(request, e)
  File "C:\Users\SREENAND PK\Desktop\PROJECTS\CareStream_backend\venv\Lib\site-packages\django\utils\decorators.py", line 190, in _view_wrapper
    response = view_func(request, *args, **kwargs)
  File "C:\Users\SREENAND PK\Desktop\PROJECTS\CareStream_backend\venv\Lib\site-packages\django\views\decorators\cache.py", line 80, in _view_wrapper
    response = view_func(request, *args, **kwargs)
  File "C:\Users\SREENAND PK\Desktop\PROJECTS\CareStream_backend\venv\Lib\site-packages\django\contrib\admin\sites.py", line 247, in inner
    return view(request, *args, **kwargs)
  File "C:\Users\SREENAND PK\Desktop\PROJECTS\CareStream_backend\venv\Lib\site-packages\django\utils\decorators.py", line 48, in _wrapper
    return bound_method(*args, **kwargs)
  File "C:\Users\SREENAND PK\Desktop\PROJECTS\CareStream_backend\venv\Lib\site-packages\django\utils\decorators.py", line 192, in _view_wrapper
    result = _process_exception(request, e)
  File "C:\Users\SREENAND PK\Desktop\PROJECTS\CareStream_backend\venv\Lib\site-packages\django\utils\decorators.py", line 190, in _view_wrapper
    response = view_func(request, *args, **kwargs)
  File "C:\Users\SREENAND PK\Desktop\PROJECTS\CareStream_backend\venv\Lib\site-packages\django\contrib\admin\options.py", line 1982, in changelist_view
    cl = self.get_changelist_instance(request)
  File "C:\Users\SREENAND PK\Desktop\PROJECTS\CareStream_backend\venv\Lib\site-packages\django\contrib\admin\options.py", line 857, in get_changelist_instance
    return ChangeList(
        request,
    ...<12 lines>...
        self.search_help_text,
    )
  File "C:\Users\SREENAND PK\Desktop\PROJECTS\CareStream_backend\venv\Lib\site-packages\django\contrib\admin\views\main.py", line 143, in __init__
    self.get_results(request)
    ~~~~~~~~~~~~~~~~^^^^^^^^^
  File "C:\Users\SREENAND PK\Desktop\PROJECTS\CareStream_backend\venv\Lib\site-packages\django\contrib\admin\views\main.py", line 300, in get_results
    result_count = paginator.count
                   ^^^^^^^^^^^^^^^
  File "C:\Users\SREENAND PK\Desktop\PROJECTS\CareStream_backend\venv\Lib\site-packages\django\utils\functional.py", line 47, in __get__
    res = instance.__dict__[self.name] = self.func(instance)
                                         ~~~~~~~~~^^^^^^^^^^
  File "C:\Users\SREENAND PK\Desktop\PROJECTS\CareStream_backend\venv\Lib\site-packages\django\core\paginator.py", line 189, in count
    return c()
  File "C:\Users\SREENAND PK\Desktop\PROJECTS\CareStream_backend\venv\Lib\site-packages\django\db\models\query.py", line 610, in count
    return self.query.get_count(using=self.db)
           ~~~~~~~~~~~~~~~~~~~~^^^^^^^^^^^^^^^
  File "C:\Users\SREENAND PK\Desktop\PROJECTS\CareStream_backend\venv\Lib\site-packages\django\db\models\sql\query.py", line 656, in get_count
    return obj.get_aggregation(using, {"__count": Count("*")})["__count"]
           ~~~~~~~~~~~~~~~~~~~^^^^^^^^^^^^^^^^^^^^^^^^^^^^^^^^
  File "C:\Users\SREENAND PK\Desktop\PROJECTS\CareStream_backend\venv\Lib\site-packages\django\db\models\sql\query.py", line 638, in get_aggregation
    result = compiler.execute_sql(SINGLE)
  File "C:\Users\SREENAND PK\Desktop\PROJECTS\CareStream_backend\venv\Lib\site-packages\django\db\models\sql\compiler.py", line 1624, in execute_sql
    cursor.execute(sql, params)
    ~~~~~~~~~~~~~~^^^^^^^^^^^^^
  File "C:\Users\SREENAND PK\Desktop\PROJECTS\CareStream_backend\venv\Lib\site-packages\django\db\backends\utils.py", line 122, in execute
    return super().execute(sql, params)
           ~~~~~~~~~~~~~~~^^^^^^^^^^^^^
  File "C:\Users\SREENAND PK\Desktop\PROJECTS\CareStream_backend\venv\Lib\site-packages\django\db\backends\utils.py", line 79, in execute
    return self._execute_with_wrappers(
           ~~~~~~~~~~~~~~~~~~~~~~~~~~~^
        sql, params, many=False, executor=self._execute
        ^^^^^^^^^^^^^^^^^^^^^^^^^^^^^^^^^^^^^^^^^^^^^^^
    )
    ^
  File "C:\Users\SREENAND PK\Desktop\PROJECTS\CareStream_backend\venv\Lib\site-packages\django\db\backends\utils.py", line 92, in _execute_with_wrappers
    return executor(sql, params, many, context)
  File "C:\Users\SREENAND PK\Desktop\PROJECTS\CareStream_backend\venv\Lib\site-packages\django\db\backends\utils.py", line 100, in _execute
    with self.db.wrap_database_errors:
         ^^^^^^^^^^^^^^^^^^^^^^^^^^^^
  File "C:\Users\SREENAND PK\Desktop\PROJECTS\CareStream_backend\venv\Lib\site-packages\django\db\utils.py", line 94, in __exit__
    raise dj_exc_value.with_traceback(traceback) from exc_value
  File "C:\Users\SREENAND PK\Desktop\PROJECTS\CareStream_backend\venv\Lib\site-packages\django\db\backends\utils.py", line 105, in _execute
    return self.cursor.execute(sql, params)
           ~~~~~~~~~~~~~~~~~~~^^^^^^^^^^^^^
django.db.utils.ProgrammingError: column patients_patient.is_deleted does not exist
LINE 1: ...*) AS "__count" FROM "patients_patient" WHERE NOT "patients_...
                                                             ^

[2026-03-26 09:47:20,803] ERROR django.request Internal Server Error: /admin/patients/patient/add/
Traceback (most recent call last):
  File "C:\Users\SREENAND PK\Desktop\PROJECTS\CareStream_backend\venv\Lib\site-packages\django\db\backends\utils.py", line 105, in _execute
    return self.cursor.execute(sql, params)
           ~~~~~~~~~~~~~~~~~~~^^^^^^^^^^^^^
psycopg2.errors.UniqueViolation: duplicate key value violates unique constraint "patients_patient_bed_id_key"
DETAIL:  Key (bed_id)=(1) already exists.


The above exception was the direct cause of the following exception:

Traceback (most recent call last):
  File "C:\Users\SREENAND PK\Desktop\PROJECTS\CareStream_backend\venv\Lib\site-packages\django\core\handlers\exception.py", line 55, in inner
    response = get_response(request)
  File "C:\Users\SREENAND PK\Desktop\PROJECTS\CareStream_backend\venv\Lib\site-packages\django\core\handlers\base.py", line 198, in _get_response
    response = wrapped_callback(request, *callback_args, **callback_kwargs)
  File "C:\Users\SREENAND PK\Desktop\PROJECTS\CareStream_backend\venv\Lib\site-packages\django\contrib\admin\options.py", line 710, in wrapper
    return self.admin_site.admin_view(view)(*args, **kwargs)
           ~~~~~~~~~~~~~~~~~~~~~~~~~~~~~~~~^^^^^^^^^^^^^^^^^
  File "C:\Users\SREENAND PK\Desktop\PROJECTS\CareStream_backend\venv\Lib\site-packages\django\utils\decorators.py", line 192, in _view_wrapper
    result = _process_exception(request, e)
  File "C:\Users\SREENAND PK\Desktop\PROJECTS\CareStream_backend\venv\Lib\site-packages\django\utils\decorators.py", line 190, in _view_wrapper
    response = view_func(request, *args, **kwargs)
  File "C:\Users\SREENAND PK\Desktop\PROJECTS\CareStream_backend\venv\Lib\site-packages\django\views\decorators\cache.py", line 80, in _view_wrapper
    response = view_func(request, *args, **kwargs)
  File "C:\Users\SREENAND PK\Desktop\PROJECTS\CareStream_backend\venv\Lib\site-packages\django\contrib\admin\sites.py", line 247, in inner
    return view(request, *args, **kwargs)
  File "C:\Users\SREENAND PK\Desktop\PROJECTS\CareStream_backend\venv\Lib\site-packages\django\contrib\admin\options.py", line 1942, in add_view
    return self.changeform_view(request, None, form_url, extra_context)
           ~~~~~~~~~~~~~~~~~~~~^^^^^^^^^^^^^^^^^^^^^^^^^^^^^^^^^^^^^^^^
  File "C:\Users\SREENAND PK\Desktop\PROJECTS\CareStream_backend\venv\Lib\site-packages\django\utils\decorators.py", line 48, in _wrapper
    return bound_method(*args, **kwargs)
  File "C:\Users\SREENAND PK\Desktop\PROJECTS\CareStream_backend\venv\Lib\site-packages\django\utils\decorators.py", line 192, in _view_wrapper
    result = _process_exception(request, e)
  File "C:\Users\SREENAND PK\Desktop\PROJECTS\CareStream_backend\venv\Lib\site-packages\django\utils\decorators.py", line 190, in _view_wrapper
    response = view_func(request, *args, **kwargs)
  File "C:\Users\SREENAND PK\Desktop\PROJECTS\CareStream_backend\venv\Lib\site-packages\django\contrib\admin\options.py", line 1801, in changeform_view
    return self._changeform_view(request, object_id, form_url, extra_context)
           ~~~~~~~~~~~~~~~~~~~~~^^^^^^^^^^^^^^^^^^^^^^^^^^^^^^^^^^^^^^^^^^^^^
  File "C:\Users\SREENAND PK\Desktop\PROJECTS\CareStream_backend\venv\Lib\site-packages\django\contrib\admin\options.py", line 1852, in _changeform_view
    self.save_model(request, new_object, form, not add)
    ~~~~~~~~~~~~~~~^^^^^^^^^^^^^^^^^^^^^^^^^^^^^^^^^^^^
  File "C:\Users\SREENAND PK\Desktop\PROJECTS\CareStream_backend\venv\Lib\site-packages\django\contrib\admin\options.py", line 1272, in save_model
    obj.save()
    ~~~~~~~~^^
  File "C:\Users\SREENAND PK\Desktop\PROJECTS\CareStream_backend\apps\patients\models.py", line 47, in save
    super().save(*args, **kwargs)
    ~~~~~~~~~~~~^^^^^^^^^^^^^^^^^
  File "C:\Users\SREENAND PK\Desktop\PROJECTS\CareStream_backend\venv\Lib\site-packages\django\db\models\base.py", line 874, in save
    self.save_base(
    ~~~~~~~~~~~~~~^
        using=using,
        ^^^^^^^^^^^^
    ...<2 lines>...
        update_fields=update_fields,
        ^^^^^^^^^^^^^^^^^^^^^^^^^^^^
    )
    ^
  File "C:\Users\SREENAND PK\Desktop\PROJECTS\CareStream_backend\venv\Lib\site-packages\django\db\models\base.py", line 966, in save_base
    updated = self._save_table(
        raw,
    ...<4 lines>...
        update_fields,
    )
  File "C:\Users\SREENAND PK\Desktop\PROJECTS\CareStream_backend\venv\Lib\site-packages\django\db\models\base.py", line 1169, in _save_table
    results = self._do_insert(
        cls._base_manager, using, insert_fields, returning_fields, raw
    )
  File "C:\Users\SREENAND PK\Desktop\PROJECTS\CareStream_backend\venv\Lib\site-packages\django\db\models\base.py", line 1220, in _do_insert
    return manager._insert(
           ~~~~~~~~~~~~~~~^
        [self],
        ^^^^^^^
    ...<3 lines>...
        raw=raw,
        ^^^^^^^^
    )
    ^
  File "C:\Users\SREENAND PK\Desktop\PROJECTS\CareStream_backend\venv\Lib\site-packages\django\db\models\manager.py", line 87, in manager_method
    return getattr(self.get_queryset(), name)(*args, **kwargs)
           ~~~~~~~~~~~~~~~~~~~~~~~~~~~~~~~~~~^^^^^^^^^^^^^^^^^
  File "C:\Users\SREENAND PK\Desktop\PROJECTS\CareStream_backend\venv\Lib\site-packages\django\db\models\query.py", line 1918, in _insert
    return query.get_compiler(using=using).execute_sql(returning_fields)
           ~~~~~~~~~~~~~~~~~~~~~~~~~~~~~~~~~~~~~~~~~~~^^^^^^^^^^^^^^^^^^
  File "C:\Users\SREENAND PK\Desktop\PROJECTS\CareStream_backend\venv\Lib\site-packages\django\db\models\sql\compiler.py", line 1925, in execute_sql
    cursor.execute(sql, params)
    ~~~~~~~~~~~~~~^^^^^^^^^^^^^
  File "C:\Users\SREENAND PK\Desktop\PROJECTS\CareStream_backend\venv\Lib\site-packages\django\db\backends\utils.py", line 122, in execute
    return super().execute(sql, params)
           ~~~~~~~~~~~~~~~^^^^^^^^^^^^^
  File "C:\Users\SREENAND PK\Desktop\PROJECTS\CareStream_backend\venv\Lib\site-packages\django\db\backends\utils.py", line 79, in execute
    return self._execute_with_wrappers(
           ~~~~~~~~~~~~~~~~~~~~~~~~~~~^
        sql, params, many=False, executor=self._execute
        ^^^^^^^^^^^^^^^^^^^^^^^^^^^^^^^^^^^^^^^^^^^^^^^
    )
    ^
  File "C:\Users\SREENAND PK\Desktop\PROJECTS\CareStream_backend\venv\Lib\site-packages\django\db\backends\utils.py", line 92, in _execute_with_wrappers
    return executor(sql, params, many, context)
  File "C:\Users\SREENAND PK\Desktop\PROJECTS\CareStream_backend\venv\Lib\site-packages\django\db\backends\utils.py", line 100, in _execute
    with self.db.wrap_database_errors:
         ^^^^^^^^^^^^^^^^^^^^^^^^^^^^
  File "C:\Users\SREENAND PK\Desktop\PROJECTS\CareStream_backend\venv\Lib\site-packages\django\db\utils.py", line 94, in __exit__
    raise dj_exc_value.with_traceback(traceback) from exc_value
  File "C:\Users\SREENAND PK\Desktop\PROJECTS\CareStream_backend\venv\Lib\site-packages\django\db\backends\utils.py", line 105, in _execute
    return self.cursor.execute(sql, params)
           ~~~~~~~~~~~~~~~~~~~^^^^^^^^^^^^^
django.db.utils.IntegrityError: duplicate key value violates unique constraint "patients_patient_bed_id_key"
DETAIL:  Key (bed_id)=(1) already exists.

[2026-03-26 09:48:44,739] ERROR django.request Internal Server Error: /admin/patients/patient/add/
Traceback (most recent call last):
  File "C:\Users\SREENAND PK\Desktop\PROJECTS\CareStream_backend\venv\Lib\site-packages\django\db\backends\utils.py", line 105, in _execute
    return self.cursor.execute(sql, params)
           ~~~~~~~~~~~~~~~~~~~^^^^^^^^^^^^^
psycopg2.errors.UniqueViolation: duplicate key value violates unique constraint "patients_patient_bed_id_key"
DETAIL:  Key (bed_id)=(1) already exists.


The above exception was the direct cause of the following exception:

Traceback (most recent call last):
  File "C:\Users\SREENAND PK\Desktop\PROJECTS\CareStream_backend\venv\Lib\site-packages\django\core\handlers\exception.py", line 55, in inner
    response = get_response(request)
  File "C:\Users\SREENAND PK\Desktop\PROJECTS\CareStream_backend\venv\Lib\site-packages\django\core\handlers\base.py", line 198, in _get_response
    response = wrapped_callback(request, *callback_args, **callback_kwargs)
  File "C:\Users\SREENAND PK\Desktop\PROJECTS\CareStream_backend\venv\Lib\site-packages\django\contrib\admin\options.py", line 710, in wrapper
    return self.admin_site.admin_view(view)(*args, **kwargs)
           ~~~~~~~~~~~~~~~~~~~~~~~~~~~~~~~~^^^^^^^^^^^^^^^^^
  File "C:\Users\SREENAND PK\Desktop\PROJECTS\CareStream_backend\venv\Lib\site-packages\django\utils\decorators.py", line 192, in _view_wrapper
    result = _process_exception(request, e)
  File "C:\Users\SREENAND PK\Desktop\PROJECTS\CareStream_backend\venv\Lib\site-packages\django\utils\decorators.py", line 190, in _view_wrapper
    response = view_func(request, *args, **kwargs)
  File "C:\Users\SREENAND PK\Desktop\PROJECTS\CareStream_backend\venv\Lib\site-packages\django\views\decorators\cache.py", line 80, in _view_wrapper
    response = view_func(request, *args, **kwargs)
  File "C:\Users\SREENAND PK\Desktop\PROJECTS\CareStream_backend\venv\Lib\site-packages\django\contrib\admin\sites.py", line 247, in inner
    return view(request, *args, **kwargs)
  File "C:\Users\SREENAND PK\Desktop\PROJECTS\CareStream_backend\venv\Lib\site-packages\django\contrib\admin\options.py", line 1942, in add_view
    return self.changeform_view(request, None, form_url, extra_context)
           ~~~~~~~~~~~~~~~~~~~~^^^^^^^^^^^^^^^^^^^^^^^^^^^^^^^^^^^^^^^^
  File "C:\Users\SREENAND PK\Desktop\PROJECTS\CareStream_backend\venv\Lib\site-packages\django\utils\decorators.py", line 48, in _wrapper
    return bound_method(*args, **kwargs)
  File "C:\Users\SREENAND PK\Desktop\PROJECTS\CareStream_backend\venv\Lib\site-packages\django\utils\decorators.py", line 192, in _view_wrapper
    result = _process_exception(request, e)
  File "C:\Users\SREENAND PK\Desktop\PROJECTS\CareStream_backend\venv\Lib\site-packages\django\utils\decorators.py", line 190, in _view_wrapper
    response = view_func(request, *args, **kwargs)
  File "C:\Users\SREENAND PK\Desktop\PROJECTS\CareStream_backend\venv\Lib\site-packages\django\contrib\admin\options.py", line 1801, in changeform_view
    return self._changeform_view(request, object_id, form_url, extra_context)
           ~~~~~~~~~~~~~~~~~~~~~^^^^^^^^^^^^^^^^^^^^^^^^^^^^^^^^^^^^^^^^^^^^^
  File "C:\Users\SREENAND PK\Desktop\PROJECTS\CareStream_backend\venv\Lib\site-packages\django\contrib\admin\options.py", line 1852, in _changeform_view
    self.save_model(request, new_object, form, not add)
    ~~~~~~~~~~~~~~~^^^^^^^^^^^^^^^^^^^^^^^^^^^^^^^^^^^^
  File "C:\Users\SREENAND PK\Desktop\PROJECTS\CareStream_backend\apps\patients\admin.py", line 76, in save_model
    super().save_model(request, obj, form, change)
    ~~~~~~~~~~~~~~~~~~^^^^^^^^^^^^^^^^^^^^^^^^^^^^
  File "C:\Users\SREENAND PK\Desktop\PROJECTS\CareStream_backend\venv\Lib\site-packages\django\contrib\admin\options.py", line 1272, in save_model
    obj.save()
    ~~~~~~~~^^
  File "C:\Users\SREENAND PK\Desktop\PROJECTS\CareStream_backend\apps\patients\models.py", line 47, in save
    super().save(*args, **kwargs)
    ~~~~~~~~~~~~^^^^^^^^^^^^^^^^^
  File "C:\Users\SREENAND PK\Desktop\PROJECTS\CareStream_backend\venv\Lib\site-packages\django\db\models\base.py", line 874, in save
    self.save_base(
    ~~~~~~~~~~~~~~^
        using=using,
        ^^^^^^^^^^^^
    ...<2 lines>...
        update_fields=update_fields,
        ^^^^^^^^^^^^^^^^^^^^^^^^^^^^
    )
    ^
  File "C:\Users\SREENAND PK\Desktop\PROJECTS\CareStream_backend\venv\Lib\site-packages\django\db\models\base.py", line 966, in save_base
    updated = self._save_table(
        raw,
    ...<4 lines>...
        update_fields,
    )
  File "C:\Users\SREENAND PK\Desktop\PROJECTS\CareStream_backend\venv\Lib\site-packages\django\db\models\base.py", line 1169, in _save_table
    results = self._do_insert(
        cls._base_manager, using, insert_fields, returning_fields, raw
    )
  File "C:\Users\SREENAND PK\Desktop\PROJECTS\CareStream_backend\venv\Lib\site-packages\django\db\models\base.py", line 1220, in _do_insert
    return manager._insert(
           ~~~~~~~~~~~~~~~^
        [self],
        ^^^^^^^
    ...<3 lines>...
        raw=raw,
        ^^^^^^^^
    )
    ^
  File "C:\Users\SREENAND PK\Desktop\PROJECTS\CareStream_backend\venv\Lib\site-packages\django\db\models\manager.py", line 87, in manager_method
    return getattr(self.get_queryset(), name)(*args, **kwargs)
           ~~~~~~~~~~~~~~~~~~~~~~~~~~~~~~~~~~^^^^^^^^^^^^^^^^^
  File "C:\Users\SREENAND PK\Desktop\PROJECTS\CareStream_backend\venv\Lib\site-packages\django\db\models\query.py", line 1918, in _insert
    return query.get_compiler(using=using).execute_sql(returning_fields)
           ~~~~~~~~~~~~~~~~~~~~~~~~~~~~~~~~~~~~~~~~~~~^^^^^^^^^^^^^^^^^^
  File "C:\Users\SREENAND PK\Desktop\PROJECTS\CareStream_backend\venv\Lib\site-packages\django\db\models\sql\compiler.py", line 1925, in execute_sql
    cursor.execute(sql, params)
    ~~~~~~~~~~~~~~^^^^^^^^^^^^^
  File "C:\Users\SREENAND PK\Desktop\PROJECTS\CareStream_backend\venv\Lib\site-packages\django\db\backends\utils.py", line 122, in execute
    return super().execute(sql, params)
           ~~~~~~~~~~~~~~~^^^^^^^^^^^^^
  File "C:\Users\SREENAND PK\Desktop\PROJECTS\CareStream_backend\venv\Lib\site-packages\django\db\backends\utils.py", line 79, in execute
    return self._execute_with_wrappers(
           ~~~~~~~~~~~~~~~~~~~~~~~~~~~^
        sql, params, many=False, executor=self._execute
        ^^^^^^^^^^^^^^^^^^^^^^^^^^^^^^^^^^^^^^^^^^^^^^^
    )
    ^
  File "C:\Users\SREENAND PK\Desktop\PROJECTS\CareStream_backend\venv\Lib\site-packages\django\db\backends\utils.py", line 92, in _execute_with_wrappers
    return executor(sql, params, many, context)
  File "C:\Users\SREENAND PK\Desktop\PROJECTS\CareStream_backend\venv\Lib\site-packages\django\db\backends\utils.py", line 100, in _execute
    with self.db.wrap_database_errors:
         ^^^^^^^^^^^^^^^^^^^^^^^^^^^^
  File "C:\Users\SREENAND PK\Desktop\PROJECTS\CareStream_backend\venv\Lib\site-packages\django\db\utils.py", line 94, in __exit__
    raise dj_exc_value.with_traceback(traceback) from exc_value
  File "C:\Users\SREENAND PK\Desktop\PROJECTS\CareStream_backend\venv\Lib\site-packages\django\db\backends\utils.py", line 105, in _execute
    return self.cursor.execute(sql, params)
           ~~~~~~~~~~~~~~~~~~~^^^^^^^^^^^^^
django.db.utils.IntegrityError: duplicate key value violates unique constraint "patients_patient_bed_id_key"
DETAIL:  Key (bed_id)=(1) already exists.

[2026-03-26 09:48:49,171] ERROR django.request Internal Server Error: /admin/patients/patient/add/
Traceback (most recent call last):
  File "C:\Users\SREENAND PK\Desktop\PROJECTS\CareStream_backend\venv\Lib\site-packages\django\db\backends\utils.py", line 105, in _execute
    return self.cursor.execute(sql, params)
           ~~~~~~~~~~~~~~~~~~~^^^^^^^^^^^^^
psycopg2.errors.UniqueViolation: duplicate key value violates unique constraint "patients_patient_bed_id_key"
DETAIL:  Key (bed_id)=(1) already exists.


The above exception was the direct cause of the following exception:

Traceback (most recent call last):
  File "C:\Users\SREENAND PK\Desktop\PROJECTS\CareStream_backend\venv\Lib\site-packages\django\core\handlers\exception.py", line 55, in inner
    response = get_response(request)
  File "C:\Users\SREENAND PK\Desktop\PROJECTS\CareStream_backend\venv\Lib\site-packages\django\core\handlers\base.py", line 198, in _get_response
    response = wrapped_callback(request, *callback_args, **callback_kwargs)
  File "C:\Users\SREENAND PK\Desktop\PROJECTS\CareStream_backend\venv\Lib\site-packages\django\contrib\admin\options.py", line 710, in wrapper
    return self.admin_site.admin_view(view)(*args, **kwargs)
           ~~~~~~~~~~~~~~~~~~~~~~~~~~~~~~~~^^^^^^^^^^^^^^^^^
  File "C:\Users\SREENAND PK\Desktop\PROJECTS\CareStream_backend\venv\Lib\site-packages\django\utils\decorators.py", line 192, in _view_wrapper
    result = _process_exception(request, e)
  File "C:\Users\SREENAND PK\Desktop\PROJECTS\CareStream_backend\venv\Lib\site-packages\django\utils\decorators.py", line 190, in _view_wrapper
    response = view_func(request, *args, **kwargs)
  File "C:\Users\SREENAND PK\Desktop\PROJECTS\CareStream_backend\venv\Lib\site-packages\django\views\decorators\cache.py", line 80, in _view_wrapper
    response = view_func(request, *args, **kwargs)
  File "C:\Users\SREENAND PK\Desktop\PROJECTS\CareStream_backend\venv\Lib\site-packages\django\contrib\admin\sites.py", line 247, in inner
    return view(request, *args, **kwargs)
  File "C:\Users\SREENAND PK\Desktop\PROJECTS\CareStream_backend\venv\Lib\site-packages\django\contrib\admin\options.py", line 1942, in add_view
    return self.changeform_view(request, None, form_url, extra_context)
           ~~~~~~~~~~~~~~~~~~~~^^^^^^^^^^^^^^^^^^^^^^^^^^^^^^^^^^^^^^^^
  File "C:\Users\SREENAND PK\Desktop\PROJECTS\CareStream_backend\venv\Lib\site-packages\django\utils\decorators.py", line 48, in _wrapper
    return bound_method(*args, **kwargs)
  File "C:\Users\SREENAND PK\Desktop\PROJECTS\CareStream_backend\venv\Lib\site-packages\django\utils\decorators.py", line 192, in _view_wrapper
    result = _process_exception(request, e)
  File "C:\Users\SREENAND PK\Desktop\PROJECTS\CareStream_backend\venv\Lib\site-packages\django\utils\decorators.py", line 190, in _view_wrapper
    response = view_func(request, *args, **kwargs)
  File "C:\Users\SREENAND PK\Desktop\PROJECTS\CareStream_backend\venv\Lib\site-packages\django\contrib\admin\options.py", line 1801, in changeform_view
    return self._changeform_view(request, object_id, form_url, extra_context)
           ~~~~~~~~~~~~~~~~~~~~~^^^^^^^^^^^^^^^^^^^^^^^^^^^^^^^^^^^^^^^^^^^^^
  File "C:\Users\SREENAND PK\Desktop\PROJECTS\CareStream_backend\venv\Lib\site-packages\django\contrib\admin\options.py", line 1852, in _changeform_view
    self.save_model(request, new_object, form, not add)
    ~~~~~~~~~~~~~~~^^^^^^^^^^^^^^^^^^^^^^^^^^^^^^^^^^^^
  File "C:\Users\SREENAND PK\Desktop\PROJECTS\CareStream_backend\apps\patients\admin.py", line 76, in save_model
    super().save_model(request, obj, form, change)
    ~~~~~~~~~~~~~~~~~~^^^^^^^^^^^^^^^^^^^^^^^^^^^^
  File "C:\Users\SREENAND PK\Desktop\PROJECTS\CareStream_backend\venv\Lib\site-packages\django\contrib\admin\options.py", line 1272, in save_model
    obj.save()
    ~~~~~~~~^^
  File "C:\Users\SREENAND PK\Desktop\PROJECTS\CareStream_backend\apps\patients\models.py", line 47, in save
    super().save(*args, **kwargs)
    ~~~~~~~~~~~~^^^^^^^^^^^^^^^^^
  File "C:\Users\SREENAND PK\Desktop\PROJECTS\CareStream_backend\venv\Lib\site-packages\django\db\models\base.py", line 874, in save
    self.save_base(
    ~~~~~~~~~~~~~~^
        using=using,
        ^^^^^^^^^^^^
    ...<2 lines>...
        update_fields=update_fields,
        ^^^^^^^^^^^^^^^^^^^^^^^^^^^^
    )
    ^
  File "C:\Users\SREENAND PK\Desktop\PROJECTS\CareStream_backend\venv\Lib\site-packages\django\db\models\base.py", line 966, in save_base
    updated = self._save_table(
        raw,
    ...<4 lines>...
        update_fields,
    )
  File "C:\Users\SREENAND PK\Desktop\PROJECTS\CareStream_backend\venv\Lib\site-packages\django\db\models\base.py", line 1169, in _save_table
    results = self._do_insert(
        cls._base_manager, using, insert_fields, returning_fields, raw
    )
  File "C:\Users\SREENAND PK\Desktop\PROJECTS\CareStream_backend\venv\Lib\site-packages\django\db\models\base.py", line 1220, in _do_insert
    return manager._insert(
           ~~~~~~~~~~~~~~~^
        [self],
        ^^^^^^^
    ...<3 lines>...
        raw=raw,
        ^^^^^^^^
    )
    ^
  File "C:\Users\SREENAND PK\Desktop\PROJECTS\CareStream_backend\venv\Lib\site-packages\django\db\models\manager.py", line 87, in manager_method
    return getattr(self.get_queryset(), name)(*args, **kwargs)
           ~~~~~~~~~~~~~~~~~~~~~~~~~~~~~~~~~~^^^^^^^^^^^^^^^^^
  File "C:\Users\SREENAND PK\Desktop\PROJECTS\CareStream_backend\venv\Lib\site-packages\django\db\models\query.py", line 1918, in _insert
    return query.get_compiler(using=using).execute_sql(returning_fields)
           ~~~~~~~~~~~~~~~~~~~~~~~~~~~~~~~~~~~~~~~~~~~^^^^^^^^^^^^^^^^^^
  File "C:\Users\SREENAND PK\Desktop\PROJECTS\CareStream_backend\venv\Lib\site-packages\django\db\models\sql\compiler.py", line 1925, in execute_sql
    cursor.execute(sql, params)
    ~~~~~~~~~~~~~~^^^^^^^^^^^^^
  File "C:\Users\SREENAND PK\Desktop\PROJECTS\CareStream_backend\venv\Lib\site-packages\django\db\backends\utils.py", line 122, in execute
    return super().execute(sql, params)
           ~~~~~~~~~~~~~~~^^^^^^^^^^^^^
  File "C:\Users\SREENAND PK\Desktop\PROJECTS\CareStream_backend\venv\Lib\site-packages\django\db\backends\utils.py", line 79, in execute
    return self._execute_with_wrappers(
           ~~~~~~~~~~~~~~~~~~~~~~~~~~~^
        sql, params, many=False, executor=self._execute
        ^^^^^^^^^^^^^^^^^^^^^^^^^^^^^^^^^^^^^^^^^^^^^^^
    )
    ^
  File "C:\Users\SREENAND PK\Desktop\PROJECTS\CareStream_backend\venv\Lib\site-packages\django\db\backends\utils.py", line 92, in _execute_with_wrappers
    return executor(sql, params, many, context)
  File "C:\Users\SREENAND PK\Desktop\PROJECTS\CareStream_backend\venv\Lib\site-packages\django\db\backends\utils.py", line 100, in _execute
    with self.db.wrap_database_errors:
         ^^^^^^^^^^^^^^^^^^^^^^^^^^^^
  File "C:\Users\SREENAND PK\Desktop\PROJECTS\CareStream_backend\venv\Lib\site-packages\django\db\utils.py", line 94, in __exit__
    raise dj_exc_value.with_traceback(traceback) from exc_value
  File "C:\Users\SREENAND PK\Desktop\PROJECTS\CareStream_backend\venv\Lib\site-packages\django\db\backends\utils.py", line 105, in _execute
    return self.cursor.execute(sql, params)
           ~~~~~~~~~~~~~~~~~~~^^^^^^^^^^^^^
django.db.utils.IntegrityError: duplicate key value violates unique constraint "patients_patient_bed_id_key"
DETAIL:  Key (bed_id)=(1) already exists.

[2026-03-26 09:50:29,223] ERROR django.request Internal Server Error: /admin/patients/patient/add/
Traceback (most recent call last):
  File "C:\Users\SREENAND PK\Desktop\PROJECTS\CareStream_backend\venv\Lib\site-packages\django\db\backends\utils.py", line 105, in _execute
    return self.cursor.execute(sql, params)
           ~~~~~~~~~~~~~~~~~~~^^^^^^^^^^^^^
psycopg2.errors.UniqueViolation: duplicate key value violates unique constraint "patients_patient_bed_id_key"
DETAIL:  Key (bed_id)=(1) already exists.


The above exception was the direct cause of the following exception:

Traceback (most recent call last):
  File "C:\Users\SREENAND PK\Desktop\PROJECTS\CareStream_backend\venv\Lib\site-packages\django\core\handlers\exception.py", line 55, in inner
    response = get_response(request)
  File "C:\Users\SREENAND PK\Desktop\PROJECTS\CareStream_backend\venv\Lib\site-packages\django\core\handlers\base.py", line 198, in _get_response
    response = wrapped_callback(request, *callback_args, **callback_kwargs)
  File "C:\Users\SREENAND PK\Desktop\PROJECTS\CareStream_backend\venv\Lib\site-packages\django\contrib\admin\options.py", line 710, in wrapper
    return self.admin_site.admin_view(view)(*args, **kwargs)
           ~~~~~~~~~~~~~~~~~~~~~~~~~~~~~~~~^^^^^^^^^^^^^^^^^
  File "C:\Users\SREENAND PK\Desktop\PROJECTS\CareStream_backend\venv\Lib\site-packages\django\utils\decorators.py", line 192, in _view_wrapper
    result = _process_exception(request, e)
  File "C:\Users\SREENAND PK\Desktop\PROJECTS\CareStream_backend\venv\Lib\site-packages\django\utils\decorators.py", line 190, in _view_wrapper
    response = view_func(request, *args, **kwargs)
  File "C:\Users\SREENAND PK\Desktop\PROJECTS\CareStream_backend\venv\Lib\site-packages\django\views\decorators\cache.py", line 80, in _view_wrapper
    response = view_func(request, *args, **kwargs)
  File "C:\Users\SREENAND PK\Desktop\PROJECTS\CareStream_backend\venv\Lib\site-packages\django\contrib\admin\sites.py", line 247, in inner
    return view(request, *args, **kwargs)
  File "C:\Users\SREENAND PK\Desktop\PROJECTS\CareStream_backend\venv\Lib\site-packages\django\contrib\admin\options.py", line 1942, in add_view
    return self.changeform_view(request, None, form_url, extra_context)
           ~~~~~~~~~~~~~~~~~~~~^^^^^^^^^^^^^^^^^^^^^^^^^^^^^^^^^^^^^^^^
  File "C:\Users\SREENAND PK\Desktop\PROJECTS\CareStream_backend\venv\Lib\site-packages\django\utils\decorators.py", line 48, in _wrapper
    return bound_method(*args, **kwargs)
  File "C:\Users\SREENAND PK\Desktop\PROJECTS\CareStream_backend\venv\Lib\site-packages\django\utils\decorators.py", line 192, in _view_wrapper
    result = _process_exception(request, e)
  File "C:\Users\SREENAND PK\Desktop\PROJECTS\CareStream_backend\venv\Lib\site-packages\django\utils\decorators.py", line 190, in _view_wrapper
    response = view_func(request, *args, **kwargs)
  File "C:\Users\SREENAND PK\Desktop\PROJECTS\CareStream_backend\venv\Lib\site-packages\django\contrib\admin\options.py", line 1801, in changeform_view
    return self._changeform_view(request, object_id, form_url, extra_context)
           ~~~~~~~~~~~~~~~~~~~~~^^^^^^^^^^^^^^^^^^^^^^^^^^^^^^^^^^^^^^^^^^^^^
  File "C:\Users\SREENAND PK\Desktop\PROJECTS\CareStream_backend\venv\Lib\site-packages\django\contrib\admin\options.py", line 1852, in _changeform_view
    self.save_model(request, new_object, form, not add)
    ~~~~~~~~~~~~~~~^^^^^^^^^^^^^^^^^^^^^^^^^^^^^^^^^^^^
  File "C:\Users\SREENAND PK\Desktop\PROJECTS\CareStream_backend\venv\Lib\site-packages\django\contrib\admin\options.py", line 1272, in save_model
    obj.save()
    ~~~~~~~~^^
  File "C:\Users\SREENAND PK\Desktop\PROJECTS\CareStream_backend\apps\patients\models.py", line 47, in save
    super().save(*args, **kwargs)
    ~~~~~~~~~~~~^^^^^^^^^^^^^^^^^
  File "C:\Users\SREENAND PK\Desktop\PROJECTS\CareStream_backend\venv\Lib\site-packages\django\db\models\base.py", line 874, in save
    self.save_base(
    ~~~~~~~~~~~~~~^
        using=using,
        ^^^^^^^^^^^^
    ...<2 lines>...
        update_fields=update_fields,
        ^^^^^^^^^^^^^^^^^^^^^^^^^^^^
    )
    ^
  File "C:\Users\SREENAND PK\Desktop\PROJECTS\CareStream_backend\venv\Lib\site-packages\django\db\models\base.py", line 966, in save_base
    updated = self._save_table(
        raw,
    ...<4 lines>...
        update_fields,
    )
  File "C:\Users\SREENAND PK\Desktop\PROJECTS\CareStream_backend\venv\Lib\site-packages\django\db\models\base.py", line 1169, in _save_table
    results = self._do_insert(
        cls._base_manager, using, insert_fields, returning_fields, raw
    )
  File "C:\Users\SREENAND PK\Desktop\PROJECTS\CareStream_backend\venv\Lib\site-packages\django\db\models\base.py", line 1220, in _do_insert
    return manager._insert(
           ~~~~~~~~~~~~~~~^
        [self],
        ^^^^^^^
    ...<3 lines>...
        raw=raw,
        ^^^^^^^^
    )
    ^
  File "C:\Users\SREENAND PK\Desktop\PROJECTS\CareStream_backend\venv\Lib\site-packages\django\db\models\manager.py", line 87, in manager_method
    return getattr(self.get_queryset(), name)(*args, **kwargs)
           ~~~~~~~~~~~~~~~~~~~~~~~~~~~~~~~~~~^^^^^^^^^^^^^^^^^
  File "C:\Users\SREENAND PK\Desktop\PROJECTS\CareStream_backend\venv\Lib\site-packages\django\db\models\query.py", line 1918, in _insert
    return query.get_compiler(using=using).execute_sql(returning_fields)
           ~~~~~~~~~~~~~~~~~~~~~~~~~~~~~~~~~~~~~~~~~~~^^^^^^^^^^^^^^^^^^
  File "C:\Users\SREENAND PK\Desktop\PROJECTS\CareStream_backend\venv\Lib\site-packages\django\db\models\sql\compiler.py", line 1925, in execute_sql
    cursor.execute(sql, params)
    ~~~~~~~~~~~~~~^^^^^^^^^^^^^
  File "C:\Users\SREENAND PK\Desktop\PROJECTS\CareStream_backend\venv\Lib\site-packages\django\db\backends\utils.py", line 122, in execute
    return super().execute(sql, params)
           ~~~~~~~~~~~~~~~^^^^^^^^^^^^^
  File "C:\Users\SREENAND PK\Desktop\PROJECTS\CareStream_backend\venv\Lib\site-packages\django\db\backends\utils.py", line 79, in execute
    return self._execute_with_wrappers(
           ~~~~~~~~~~~~~~~~~~~~~~~~~~~^
        sql, params, many=False, executor=self._execute
        ^^^^^^^^^^^^^^^^^^^^^^^^^^^^^^^^^^^^^^^^^^^^^^^
    )
    ^
  File "C:\Users\SREENAND PK\Desktop\PROJECTS\CareStream_backend\venv\Lib\site-packages\django\db\backends\utils.py", line 92, in _execute_with_wrappers
    return executor(sql, params, many, context)
  File "C:\Users\SREENAND PK\Desktop\PROJECTS\CareStream_backend\venv\Lib\site-packages\django\db\backends\utils.py", line 100, in _execute
    with self.db.wrap_database_errors:
         ^^^^^^^^^^^^^^^^^^^^^^^^^^^^
  File "C:\Users\SREENAND PK\Desktop\PROJECTS\CareStream_backend\venv\Lib\site-packages\django\db\utils.py", line 94, in __exit__
    raise dj_exc_value.with_traceback(traceback) from exc_value
  File "C:\Users\SREENAND PK\Desktop\PROJECTS\CareStream_backend\venv\Lib\site-packages\django\db\backends\utils.py", line 105, in _execute
    return self.cursor.execute(sql, params)
           ~~~~~~~~~~~~~~~~~~~^^^^^^^^^^^^^
django.db.utils.IntegrityError: duplicate key value violates unique constraint "patients_patient_bed_id_key"
DETAIL:  Key (bed_id)=(1) already exists.

[2026-03-26 09:50:33,750] ERROR django.request Internal Server Error: /admin/patients/patient/add/
Traceback (most recent call last):
  File "C:\Users\SREENAND PK\Desktop\PROJECTS\CareStream_backend\venv\Lib\site-packages\django\db\backends\utils.py", line 105, in _execute
    return self.cursor.execute(sql, params)
           ~~~~~~~~~~~~~~~~~~~^^^^^^^^^^^^^
psycopg2.errors.UniqueViolation: duplicate key value violates unique constraint "patients_patient_bed_id_key"
DETAIL:  Key (bed_id)=(1) already exists.


The above exception was the direct cause of the following exception:

Traceback (most recent call last):
  File "C:\Users\SREENAND PK\Desktop\PROJECTS\CareStream_backend\venv\Lib\site-packages\django\core\handlers\exception.py", line 55, in inner
    response = get_response(request)
  File "C:\Users\SREENAND PK\Desktop\PROJECTS\CareStream_backend\venv\Lib\site-packages\django\core\handlers\base.py", line 198, in _get_response
    response = wrapped_callback(request, *callback_args, **callback_kwargs)
  File "C:\Users\SREENAND PK\Desktop\PROJECTS\CareStream_backend\venv\Lib\site-packages\django\contrib\admin\options.py", line 710, in wrapper
    return self.admin_site.admin_view(view)(*args, **kwargs)
           ~~~~~~~~~~~~~~~~~~~~~~~~~~~~~~~~^^^^^^^^^^^^^^^^^
  File "C:\Users\SREENAND PK\Desktop\PROJECTS\CareStream_backend\venv\Lib\site-packages\django\utils\decorators.py", line 192, in _view_wrapper
    result = _process_exception(request, e)
  File "C:\Users\SREENAND PK\Desktop\PROJECTS\CareStream_backend\venv\Lib\site-packages\django\utils\decorators.py", line 190, in _view_wrapper
    response = view_func(request, *args, **kwargs)
  File "C:\Users\SREENAND PK\Desktop\PROJECTS\CareStream_backend\venv\Lib\site-packages\django\views\decorators\cache.py", line 80, in _view_wrapper
    response = view_func(request, *args, **kwargs)
  File "C:\Users\SREENAND PK\Desktop\PROJECTS\CareStream_backend\venv\Lib\site-packages\django\contrib\admin\sites.py", line 247, in inner
    return view(request, *args, **kwargs)
  File "C:\Users\SREENAND PK\Desktop\PROJECTS\CareStream_backend\venv\Lib\site-packages\django\contrib\admin\options.py", line 1942, in add_view
    return self.changeform_view(request, None, form_url, extra_context)
           ~~~~~~~~~~~~~~~~~~~~^^^^^^^^^^^^^^^^^^^^^^^^^^^^^^^^^^^^^^^^
  File "C:\Users\SREENAND PK\Desktop\PROJECTS\CareStream_backend\venv\Lib\site-packages\django\utils\decorators.py", line 48, in _wrapper
    return bound_method(*args, **kwargs)
  File "C:\Users\SREENAND PK\Desktop\PROJECTS\CareStream_backend\venv\Lib\site-packages\django\utils\decorators.py", line 192, in _view_wrapper
    result = _process_exception(request, e)
  File "C:\Users\SREENAND PK\Desktop\PROJECTS\CareStream_backend\venv\Lib\site-packages\django\utils\decorators.py", line 190, in _view_wrapper
    response = view_func(request, *args, **kwargs)
  File "C:\Users\SREENAND PK\Desktop\PROJECTS\CareStream_backend\venv\Lib\site-packages\django\contrib\admin\options.py", line 1801, in changeform_view
    return self._changeform_view(request, object_id, form_url, extra_context)
           ~~~~~~~~~~~~~~~~~~~~~^^^^^^^^^^^^^^^^^^^^^^^^^^^^^^^^^^^^^^^^^^^^^
  File "C:\Users\SREENAND PK\Desktop\PROJECTS\CareStream_backend\venv\Lib\site-packages\django\contrib\admin\options.py", line 1852, in _changeform_view
    self.save_model(request, new_object, form, not add)
    ~~~~~~~~~~~~~~~^^^^^^^^^^^^^^^^^^^^^^^^^^^^^^^^^^^^
  File "C:\Users\SREENAND PK\Desktop\PROJECTS\CareStream_backend\venv\Lib\site-packages\django\contrib\admin\options.py", line 1272, in save_model
    obj.save()
    ~~~~~~~~^^
  File "C:\Users\SREENAND PK\Desktop\PROJECTS\CareStream_backend\apps\patients\models.py", line 47, in save
    super().save(*args, **kwargs)
    ~~~~~~~~~~~~^^^^^^^^^^^^^^^^^
  File "C:\Users\SREENAND PK\Desktop\PROJECTS\CareStream_backend\venv\Lib\site-packages\django\db\models\base.py", line 874, in save
    self.save_base(
    ~~~~~~~~~~~~~~^
        using=using,
        ^^^^^^^^^^^^
    ...<2 lines>...
        update_fields=update_fields,
        ^^^^^^^^^^^^^^^^^^^^^^^^^^^^
    )
    ^
  File "C:\Users\SREENAND PK\Desktop\PROJECTS\CareStream_backend\venv\Lib\site-packages\django\db\models\base.py", line 966, in save_base
    updated = self._save_table(
        raw,
    ...<4 lines>...
        update_fields,
    )
  File "C:\Users\SREENAND PK\Desktop\PROJECTS\CareStream_backend\venv\Lib\site-packages\django\db\models\base.py", line 1169, in _save_table
    results = self._do_insert(
        cls._base_manager, using, insert_fields, returning_fields, raw
    )
  File "C:\Users\SREENAND PK\Desktop\PROJECTS\CareStream_backend\venv\Lib\site-packages\django\db\models\base.py", line 1220, in _do_insert
    return manager._insert(
           ~~~~~~~~~~~~~~~^
        [self],
        ^^^^^^^
    ...<3 lines>...
        raw=raw,
        ^^^^^^^^
    )
    ^
  File "C:\Users\SREENAND PK\Desktop\PROJECTS\CareStream_backend\venv\Lib\site-packages\django\db\models\manager.py", line 87, in manager_method
    return getattr(self.get_queryset(), name)(*args, **kwargs)
           ~~~~~~~~~~~~~~~~~~~~~~~~~~~~~~~~~~^^^^^^^^^^^^^^^^^
  File "C:\Users\SREENAND PK\Desktop\PROJECTS\CareStream_backend\venv\Lib\site-packages\django\db\models\query.py", line 1918, in _insert
    return query.get_compiler(using=using).execute_sql(returning_fields)
           ~~~~~~~~~~~~~~~~~~~~~~~~~~~~~~~~~~~~~~~~~~~^^^^^^^^^^^^^^^^^^
  File "C:\Users\SREENAND PK\Desktop\PROJECTS\CareStream_backend\venv\Lib\site-packages\django\db\models\sql\compiler.py", line 1925, in execute_sql
    cursor.execute(sql, params)
    ~~~~~~~~~~~~~~^^^^^^^^^^^^^
  File "C:\Users\SREENAND PK\Desktop\PROJECTS\CareStream_backend\venv\Lib\site-packages\django\db\backends\utils.py", line 122, in execute
    return super().execute(sql, params)
           ~~~~~~~~~~~~~~~^^^^^^^^^^^^^
  File "C:\Users\SREENAND PK\Desktop\PROJECTS\CareStream_backend\venv\Lib\site-packages\django\db\backends\utils.py", line 79, in execute
    return self._execute_with_wrappers(
           ~~~~~~~~~~~~~~~~~~~~~~~~~~~^
        sql, params, many=False, executor=self._execute
        ^^^^^^^^^^^^^^^^^^^^^^^^^^^^^^^^^^^^^^^^^^^^^^^
    )
    ^
  File "C:\Users\SREENAND PK\Desktop\PROJECTS\CareStream_backend\venv\Lib\site-packages\django\db\backends\utils.py", line 92, in _execute_with_wrappers
    return executor(sql, params, many, context)
  File "C:\Users\SREENAND PK\Desktop\PROJECTS\CareStream_backend\venv\Lib\site-packages\django\db\backends\utils.py", line 100, in _execute
    with self.db.wrap_database_errors:
         ^^^^^^^^^^^^^^^^^^^^^^^^^^^^
  File "C:\Users\SREENAND PK\Desktop\PROJECTS\CareStream_backend\venv\Lib\site-packages\django\db\utils.py", line 94, in __exit__
    raise dj_exc_value.with_traceback(traceback) from exc_value
  File "C:\Users\SREENAND PK\Desktop\PROJECTS\CareStream_backend\venv\Lib\site-packages\django\db\backends\utils.py", line 105, in _execute
    return self.cursor.execute(sql, params)
           ~~~~~~~~~~~~~~~~~~~^^^^^^^^^^^^^
django.db.utils.IntegrityError: duplicate key value violates unique constraint "patients_patient_bed_id_key"
DETAIL:  Key (bed_id)=(1) already exists.

[2026-03-26 10:08:11,954] ERROR django.request Internal Server Error: /admin/patients/patient/add/
Traceback (most recent call last):
  File "C:\Users\SREENAND PK\Desktop\PROJECTS\CareStream_backend\venv\Lib\site-packages\django\core\handlers\exception.py", line 55, in inner
    response = get_response(request)
  File "C:\Users\SREENAND PK\Desktop\PROJECTS\CareStream_backend\venv\Lib\site-packages\django\core\handlers\base.py", line 198, in _get_response
    response = wrapped_callback(request, *callback_args, **callback_kwargs)
  File "C:\Users\SREENAND PK\Desktop\PROJECTS\CareStream_backend\venv\Lib\site-packages\django\contrib\admin\options.py", line 710, in wrapper
    return self.admin_site.admin_view(view)(*args, **kwargs)
           ~~~~~~~~~~~~~~~~~~~~~~~~~~~~~~~~^^^^^^^^^^^^^^^^^
  File "C:\Users\SREENAND PK\Desktop\PROJECTS\CareStream_backend\venv\Lib\site-packages\django\utils\decorators.py", line 192, in _view_wrapper
    result = _process_exception(request, e)
  File "C:\Users\SREENAND PK\Desktop\PROJECTS\CareStream_backend\venv\Lib\site-packages\django\utils\decorators.py", line 190, in _view_wrapper
    response = view_func(request, *args, **kwargs)
  File "C:\Users\SREENAND PK\Desktop\PROJECTS\CareStream_backend\venv\Lib\site-packages\django\views\decorators\cache.py", line 80, in _view_wrapper
    response = view_func(request, *args, **kwargs)
  File "C:\Users\SREENAND PK\Desktop\PROJECTS\CareStream_backend\venv\Lib\site-packages\django\contrib\admin\sites.py", line 247, in inner
    return view(request, *args, **kwargs)
  File "C:\Users\SREENAND PK\Desktop\PROJECTS\CareStream_backend\venv\Lib\site-packages\django\contrib\admin\options.py", line 1942, in add_view
    return self.changeform_view(request, None, form_url, extra_context)
           ~~~~~~~~~~~~~~~~~~~~^^^^^^^^^^^^^^^^^^^^^^^^^^^^^^^^^^^^^^^^
  File "C:\Users\SREENAND PK\Desktop\PROJECTS\CareStream_backend\venv\Lib\site-packages\django\utils\decorators.py", line 48, in _wrapper
    return bound_method(*args, **kwargs)
  File "C:\Users\SREENAND PK\Desktop\PROJECTS\CareStream_backend\venv\Lib\site-packages\django\utils\decorators.py", line 192, in _view_wrapper
    result = _process_exception(request, e)
  File "C:\Users\SREENAND PK\Desktop\PROJECTS\CareStream_backend\venv\Lib\site-packages\django\utils\decorators.py", line 190, in _view_wrapper
    response = view_func(request, *args, **kwargs)
  File "C:\Users\SREENAND PK\Desktop\PROJECTS\CareStream_backend\venv\Lib\site-packages\django\contrib\admin\options.py", line 1798, in changeform_view
    return self._changeform_view(request, object_id, form_url, extra_context)
           ~~~~~~~~~~~~~~~~~~~~~^^^^^^^^^^^^^^^^^^^^^^^^^^^^^^^^^^^^^^^^^^^^^
  File "C:\Users\SREENAND PK\Desktop\PROJECTS\CareStream_backend\venv\Lib\site-packages\django\contrib\admin\options.py", line 1868, in _changeform_view
    form = ModelForm(initial=initial)
  File "C:\Users\SREENAND PK\Desktop\PROJECTS\CareStream_backend\apps\patients\admin.py", line 32, in __init__
    if self.instance and self.instance.bed:
                         ^^^^^^^^^^^^^^^^^
  File "C:\Users\SREENAND PK\Desktop\PROJECTS\CareStream_backend\venv\Lib\site-packages\django\db\models\fields\related_descriptors.py", line 267, in __get__
    raise self.RelatedObjectDoesNotExist(
        "%s has no %s." % (self.field.model.__name__, self.field.name)
    )
apps.patients.models.Patient.bed.RelatedObjectDoesNotExist: Patient has no bed.
[2026-03-26 10:11:05,913] ERROR django.request Internal Server Error: /admin/patients/patient/add/
Traceback (most recent call last):
  File "C:\Users\SREENAND PK\Desktop\PROJECTS\CareStream_backend\venv\Lib\site-packages\django\core\handlers\exception.py", line 55, in inner
    response = get_response(request)
  File "C:\Users\SREENAND PK\Desktop\PROJECTS\CareStream_backend\venv\Lib\site-packages\django\core\handlers\base.py", line 198, in _get_response
    response = wrapped_callback(request, *callback_args, **callback_kwargs)
  File "C:\Users\SREENAND PK\Desktop\PROJECTS\CareStream_backend\venv\Lib\site-packages\django\contrib\admin\options.py", line 710, in wrapper
    return self.admin_site.admin_view(view)(*args, **kwargs)
           ~~~~~~~~~~~~~~~~~~~~~~~~~~~~~~~~^^^^^^^^^^^^^^^^^
  File "C:\Users\SREENAND PK\Desktop\PROJECTS\CareStream_backend\venv\Lib\site-packages\django\utils\decorators.py", line 192, in _view_wrapper
    result = _process_exception(request, e)
  File "C:\Users\SREENAND PK\Desktop\PROJECTS\CareStream_backend\venv\Lib\site-packages\django\utils\decorators.py", line 190, in _view_wrapper
    response = view_func(request, *args, **kwargs)
  File "C:\Users\SREENAND PK\Desktop\PROJECTS\CareStream_backend\venv\Lib\site-packages\django\views\decorators\cache.py", line 80, in _view_wrapper
    response = view_func(request, *args, **kwargs)
  File "C:\Users\SREENAND PK\Desktop\PROJECTS\CareStream_backend\venv\Lib\site-packages\django\contrib\admin\sites.py", line 247, in inner
    return view(request, *args, **kwargs)
  File "C:\Users\SREENAND PK\Desktop\PROJECTS\CareStream_backend\venv\Lib\site-packages\django\contrib\admin\options.py", line 1942, in add_view
    return self.changeform_view(request, None, form_url, extra_context)
           ~~~~~~~~~~~~~~~~~~~~^^^^^^^^^^^^^^^^^^^^^^^^^^^^^^^^^^^^^^^^
  File "C:\Users\SREENAND PK\Desktop\PROJECTS\CareStream_backend\venv\Lib\site-packages\django\utils\decorators.py", line 48, in _wrapper
    return bound_method(*args, **kwargs)
  File "C:\Users\SREENAND PK\Desktop\PROJECTS\CareStream_backend\venv\Lib\site-packages\django\utils\decorators.py", line 192, in _view_wrapper
    result = _process_exception(request, e)
  File "C:\Users\SREENAND PK\Desktop\PROJECTS\CareStream_backend\venv\Lib\site-packages\django\utils\decorators.py", line 190, in _view_wrapper
    response = view_func(request, *args, **kwargs)
  File "C:\Users\SREENAND PK\Desktop\PROJECTS\CareStream_backend\venv\Lib\site-packages\django\contrib\admin\options.py", line 1798, in changeform_view
    return self._changeform_view(request, object_id, form_url, extra_context)
           ~~~~~~~~~~~~~~~~~~~~~^^^^^^^^^^^^^^^^^^^^^^^^^^^^^^^^^^^^^^^^^^^^^
  File "C:\Users\SREENAND PK\Desktop\PROJECTS\CareStream_backend\venv\Lib\site-packages\django\contrib\admin\options.py", line 1868, in _changeform_view
    form = ModelForm(initial=initial)
  File "C:\Users\SREENAND PK\Desktop\PROJECTS\CareStream_backend\apps\patients\admin.py", line 32, in __init__
    if self.instance and self.instance.bed:
                         ^^^^^^^^^^^^^^^^^
  File "C:\Users\SREENAND PK\Desktop\PROJECTS\CareStream_backend\venv\Lib\site-packages\django\db\models\fields\related_descriptors.py", line 267, in __get__
    raise self.RelatedObjectDoesNotExist(
        "%s has no %s." % (self.field.model.__name__, self.field.name)
    )
apps.patients.models.Patient.bed.RelatedObjectDoesNotExist: Patient has no bed.
[2026-03-26 14:26:22,319] ERROR django.request Internal Server Error: /admin/vitals/vital/add/
Traceback (most recent call last):
  File "C:\Users\SREENAND PK\Desktop\PROJECTS\CareStream_backend\venv\Lib\site-packages\django\contrib\admin\options.py", line 830, in get_form
    return modelform_factory(self.model, **defaults)
  File "C:\Users\SREENAND PK\Desktop\PROJECTS\CareStream_backend\venv\Lib\site-packages\django\forms\models.py", line 675, in modelform_factory
    return type(form)(class_name, (form,), form_class_attrs)
           ~~~~~~~~~~^^^^^^^^^^^^^^^^^^^^^^^^^^^^^^^^^^^^^^^
  File "C:\Users\SREENAND PK\Desktop\PROJECTS\CareStream_backend\venv\Lib\site-packages\django\forms\models.py", line 336, in __new__
    raise FieldError(message)
django.core.exceptions.FieldError: Unknown field(s) (is_active) specified for Vital

During handling of the above exception, another exception occurred:

Traceback (most recent call last):
  File "C:\Users\SREENAND PK\Desktop\PROJECTS\CareStream_backend\venv\Lib\site-packages\django\core\handlers\exception.py", line 55, in inner
    response = get_response(request)
  File "C:\Users\SREENAND PK\Desktop\PROJECTS\CareStream_backend\venv\Lib\site-packages\django\core\handlers\base.py", line 198, in _get_response
    response = wrapped_callback(request, *callback_args, **callback_kwargs)
  File "C:\Users\SREENAND PK\Desktop\PROJECTS\CareStream_backend\venv\Lib\site-packages\django\contrib\admin\options.py", line 710, in wrapper
    return self.admin_site.admin_view(view)(*args, **kwargs)
           ~~~~~~~~~~~~~~~~~~~~~~~~~~~~~~~~^^^^^^^^^^^^^^^^^
  File "C:\Users\SREENAND PK\Desktop\PROJECTS\CareStream_backend\venv\Lib\site-packages\django\utils\decorators.py", line 192, in _view_wrapper
    result = _process_exception(request, e)
  File "C:\Users\SREENAND PK\Desktop\PROJECTS\CareStream_backend\venv\Lib\site-packages\django\utils\decorators.py", line 190, in _view_wrapper
    response = view_func(request, *args, **kwargs)
  File "C:\Users\SREENAND PK\Desktop\PROJECTS\CareStream_backend\venv\Lib\site-packages\django\views\decorators\cache.py", line 80, in _view_wrapper
    response = view_func(request, *args, **kwargs)
  File "C:\Users\SREENAND PK\Desktop\PROJECTS\CareStream_backend\venv\Lib\site-packages\django\contrib\admin\sites.py", line 247, in inner
    return view(request, *args, **kwargs)
  File "C:\Users\SREENAND PK\Desktop\PROJECTS\CareStream_backend\venv\Lib\site-packages\django\contrib\admin\options.py", line 1942, in add_view
    return self.changeform_view(request, None, form_url, extra_context)
           ~~~~~~~~~~~~~~~~~~~~^^^^^^^^^^^^^^^^^^^^^^^^^^^^^^^^^^^^^^^^
  File "C:\Users\SREENAND PK\Desktop\PROJECTS\CareStream_backend\venv\Lib\site-packages\django\utils\decorators.py", line 48, in _wrapper
    return bound_method(*args, **kwargs)
  File "C:\Users\SREENAND PK\Desktop\PROJECTS\CareStream_backend\venv\Lib\site-packages\django\utils\decorators.py", line 192, in _view_wrapper
    result = _process_exception(request, e)
  File "C:\Users\SREENAND PK\Desktop\PROJECTS\CareStream_backend\venv\Lib\site-packages\django\utils\decorators.py", line 190, in _view_wrapper
    response = view_func(request, *args, **kwargs)
  File "C:\Users\SREENAND PK\Desktop\PROJECTS\CareStream_backend\venv\Lib\site-packages\django\contrib\admin\options.py", line 1798, in changeform_view
    return self._changeform_view(request, object_id, form_url, extra_context)
           ~~~~~~~~~~~~~~~~~~~~~^^^^^^^^^^^^^^^^^^^^^^^^^^^^^^^^^^^^^^^^^^^^^
  File "C:\Users\SREENAND PK\Desktop\PROJECTS\CareStream_backend\venv\Lib\site-packages\django\contrib\admin\options.py", line 1836, in _changeform_view
    ModelForm = self.get_form(
        request, obj, change=not add, fields=flatten_fieldsets(fieldsets)
    )
  File "C:\Users\SREENAND PK\Desktop\PROJECTS\CareStream_backend\venv\Lib\site-packages\django\contrib\admin\options.py", line 832, in get_form
    raise FieldError(
    ...<2 lines>...
    )
django.core.exceptions.FieldError: Unknown field(s) (is_active) specified for Vital. Check fields/fieldsets/exclude attributes of class VitalAdmin.
[2026-03-26 14:50:52,329] ERROR django.request Internal Server Error: /api/schema/
[2026-03-26 14:51:01,227] ERROR django.request Internal Server Error: /api/schema/
[2026-03-26 14:51:44,165] ERROR django.request Internal Server Error: /api/schema/
[2026-03-26 16:20:34,906] ERROR django.request Internal Server Error: /admin/audit/auditlog/
Traceback (most recent call last):
  File "C:\Users\SREENAND PK\Desktop\PROJECTS\CareStream_backend\venv\Lib\site-packages\django\db\backends\utils.py", line 105, in _execute
    return self.cursor.execute(sql, params)
           ~~~~~~~~~~~~~~~~~~~^^^^^^^^^^^^^
psycopg2.errors.UndefinedTable: relation "audit_auditlog" does not exist
LINE 1: SELECT COUNT(*) AS "__count" FROM "audit_auditlog"
                                          ^


The above exception was the direct cause of the following exception:

Traceback (most recent call last):
  File "C:\Users\SREENAND PK\Desktop\PROJECTS\CareStream_backend\venv\Lib\site-packages\django\core\handlers\exception.py", line 55, in inner
    response = get_response(request)
  File "C:\Users\SREENAND PK\Desktop\PROJECTS\CareStream_backend\venv\Lib\site-packages\django\core\handlers\base.py", line 198, in _get_response
    response = wrapped_callback(request, *callback_args, **callback_kwargs)
  File "C:\Users\SREENAND PK\Desktop\PROJECTS\CareStream_backend\venv\Lib\site-packages\django\contrib\admin\options.py", line 710, in wrapper
    return self.admin_site.admin_view(view)(*args, **kwargs)
           ~~~~~~~~~~~~~~~~~~~~~~~~~~~~~~~~^^^^^^^^^^^^^^^^^
  File "C:\Users\SREENAND PK\Desktop\PROJECTS\CareStream_backend\venv\Lib\site-packages\django\utils\decorators.py", line 192, in _view_wrapper
    result = _process_exception(request, e)
  File "C:\Users\SREENAND PK\Desktop\PROJECTS\CareStream_backend\venv\Lib\site-packages\django\utils\decorators.py", line 190, in _view_wrapper
    response = view_func(request, *args, **kwargs)
  File "C:\Users\SREENAND PK\Desktop\PROJECTS\CareStream_backend\venv\Lib\site-packages\django\views\decorators\cache.py", line 80, in _view_wrapper
    response = view_func(request, *args, **kwargs)
  File "C:\Users\SREENAND PK\Desktop\PROJECTS\CareStream_backend\venv\Lib\site-packages\django\contrib\admin\sites.py", line 247, in inner
    return view(request, *args, **kwargs)
  File "C:\Users\SREENAND PK\Desktop\PROJECTS\CareStream_backend\venv\Lib\site-packages\django\utils\decorators.py", line 48, in _wrapper
    return bound_method(*args, **kwargs)
  File "C:\Users\SREENAND PK\Desktop\PROJECTS\CareStream_backend\venv\Lib\site-packages\django\utils\decorators.py", line 192, in _view_wrapper
    result = _process_exception(request, e)
  File "C:\Users\SREENAND PK\Desktop\PROJECTS\CareStream_backend\venv\Lib\site-packages\django\utils\decorators.py", line 190, in _view_wrapper
    response = view_func(request, *args, **kwargs)
  File "C:\Users\SREENAND PK\Desktop\PROJECTS\CareStream_backend\venv\Lib\site-packages\django\contrib\admin\options.py", line 1982, in changelist_view
    cl = self.get_changelist_instance(request)
  File "C:\Users\SREENAND PK\Desktop\PROJECTS\CareStream_backend\venv\Lib\site-packages\django\contrib\admin\options.py", line 857, in get_changelist_instance
    return ChangeList(
        request,
    ...<12 lines>...
        self.search_help_text,
    )
  File "C:\Users\SREENAND PK\Desktop\PROJECTS\CareStream_backend\venv\Lib\site-packages\django\contrib\admin\views\main.py", line 143, in __init__
    self.get_results(request)
    ~~~~~~~~~~~~~~~~^^^^^^^^^
  File "C:\Users\SREENAND PK\Desktop\PROJECTS\CareStream_backend\venv\Lib\site-packages\django\contrib\admin\views\main.py", line 300, in get_results
    result_count = paginator.count
                   ^^^^^^^^^^^^^^^
  File "C:\Users\SREENAND PK\Desktop\PROJECTS\CareStream_backend\venv\Lib\site-packages\django\utils\functional.py", line 47, in __get__
    res = instance.__dict__[self.name] = self.func(instance)
                                         ~~~~~~~~~^^^^^^^^^^
  File "C:\Users\SREENAND PK\Desktop\PROJECTS\CareStream_backend\venv\Lib\site-packages\django\core\paginator.py", line 189, in count
    return c()
  File "C:\Users\SREENAND PK\Desktop\PROJECTS\CareStream_backend\venv\Lib\site-packages\django\db\models\query.py", line 610, in count
    return self.query.get_count(using=self.db)
           ~~~~~~~~~~~~~~~~~~~~^^^^^^^^^^^^^^^
  File "C:\Users\SREENAND PK\Desktop\PROJECTS\CareStream_backend\venv\Lib\site-packages\django\db\models\sql\query.py", line 656, in get_count
    return obj.get_aggregation(using, {"__count": Count("*")})["__count"]
           ~~~~~~~~~~~~~~~~~~~^^^^^^^^^^^^^^^^^^^^^^^^^^^^^^^^
  File "C:\Users\SREENAND PK\Desktop\PROJECTS\CareStream_backend\venv\Lib\site-packages\django\db\models\sql\query.py", line 638, in get_aggregation
    result = compiler.execute_sql(SINGLE)
  File "C:\Users\SREENAND PK\Desktop\PROJECTS\CareStream_backend\venv\Lib\site-packages\django\db\models\sql\compiler.py", line 1624, in execute_sql
    cursor.execute(sql, params)
    ~~~~~~~~~~~~~~^^^^^^^^^^^^^
  File "C:\Users\SREENAND PK\Desktop\PROJECTS\CareStream_backend\venv\Lib\site-packages\django\db\backends\utils.py", line 122, in execute
    return super().execute(sql, params)
           ~~~~~~~~~~~~~~~^^^^^^^^^^^^^
  File "C:\Users\SREENAND PK\Desktop\PROJECTS\CareStream_backend\venv\Lib\site-packages\django\db\backends\utils.py", line 79, in execute
    return self._execute_with_wrappers(
           ~~~~~~~~~~~~~~~~~~~~~~~~~~~^
        sql, params, many=False, executor=self._execute
        ^^^^^^^^^^^^^^^^^^^^^^^^^^^^^^^^^^^^^^^^^^^^^^^
    )
    ^
  File "C:\Users\SREENAND PK\Desktop\PROJECTS\CareStream_backend\venv\Lib\site-packages\django\db\backends\utils.py", line 92, in _execute_with_wrappers
    return executor(sql, params, many, context)
  File "C:\Users\SREENAND PK\Desktop\PROJECTS\CareStream_backend\venv\Lib\site-packages\django\db\backends\utils.py", line 100, in _execute
    with self.db.wrap_database_errors:
         ^^^^^^^^^^^^^^^^^^^^^^^^^^^^
  File "C:\Users\SREENAND PK\Desktop\PROJECTS\CareStream_backend\venv\Lib\site-packages\django\db\utils.py", line 94, in __exit__
    raise dj_exc_value.with_traceback(traceback) from exc_value
  File "C:\Users\SREENAND PK\Desktop\PROJECTS\CareStream_backend\venv\Lib\site-packages\django\db\backends\utils.py", line 105, in _execute
    return self.cursor.execute(sql, params)
           ~~~~~~~~~~~~~~~~~~~^^^^^^^^^^^^^
django.db.utils.ProgrammingError: relation "audit_auditlog" does not exist
LINE 1: SELECT COUNT(*) AS "__count" FROM "audit_auditlog"
                                          ^

[2026-04-03 17:22:01,169] ERROR django.request Internal Server Error: /admin/vitals/vital/
Traceback (most recent call last):
  File "C:\Users\SREENAND PK\Desktop\PROJECTS\CareStream_backend\venv\Lib\site-packages\django\db\backends\utils.py", line 105, in _execute
    return self.cursor.execute(sql, params)
           ~~~~~~~~~~~~~~~~~~~^^^^^^^^^^^^^
psycopg2.errors.WrongObjectType: WITHIN GROUP is required for ordered-set aggregate mode
LINE 1: ...device"."device_type", "devices_device"."status", "devices_d...
                                                             ^


The above exception was the direct cause of the following exception:

Traceback (most recent call last):
  File "C:\Users\SREENAND PK\Desktop\PROJECTS\CareStream_backend\venv\Lib\site-packages\django\core\handlers\exception.py", line 55, in inner
    response = get_response(request)
  File "C:\Users\SREENAND PK\Desktop\PROJECTS\CareStream_backend\venv\Lib\site-packages\django\core\handlers\base.py", line 198, in _get_response
    response = wrapped_callback(request, *callback_args, **callback_kwargs)
  File "C:\Users\SREENAND PK\Desktop\PROJECTS\CareStream_backend\venv\Lib\site-packages\django\contrib\admin\options.py", line 710, in wrapper
    return self.admin_site.admin_view(view)(*args, **kwargs)
           ~~~~~~~~~~~~~~~~~~~~~~~~~~~~~~~~^^^^^^^^^^^^^^^^^
  File "C:\Users\SREENAND PK\Desktop\PROJECTS\CareStream_backend\venv\Lib\site-packages\django\utils\decorators.py", line 192, in _view_wrapper
    result = _process_exception(request, e)
  File "C:\Users\SREENAND PK\Desktop\PROJECTS\CareStream_backend\venv\Lib\site-packages\django\utils\decorators.py", line 190, in _view_wrapper
    response = view_func(request, *args, **kwargs)
  File "C:\Users\SREENAND PK\Desktop\PROJECTS\CareStream_backend\venv\Lib\site-packages\django\views\decorators\cache.py", line 80, in _view_wrapper
    response = view_func(request, *args, **kwargs)
  File "C:\Users\SREENAND PK\Desktop\PROJECTS\CareStream_backend\venv\Lib\site-packages\django\contrib\admin\sites.py", line 247, in inner
    return view(request, *args, **kwargs)
  File "C:\Users\SREENAND PK\Desktop\PROJECTS\CareStream_backend\venv\Lib\site-packages\django\utils\decorators.py", line 48, in _wrapper
    return bound_method(*args, **kwargs)
  File "C:\Users\SREENAND PK\Desktop\PROJECTS\CareStream_backend\venv\Lib\site-packages\django\utils\decorators.py", line 192, in _view_wrapper
    result = _process_exception(request, e)
  File "C:\Users\SREENAND PK\Desktop\PROJECTS\CareStream_backend\venv\Lib\site-packages\django\utils\decorators.py", line 190, in _view_wrapper
    response = view_func(request, *args, **kwargs)
  File "C:\Users\SREENAND PK\Desktop\PROJECTS\CareStream_backend\venv\Lib\site-packages\django\contrib\admin\options.py", line 1982, in changelist_view
    cl = self.get_changelist_instance(request)
  File "C:\Users\SREENAND PK\Desktop\PROJECTS\CareStream_backend\venv\Lib\site-packages\django\contrib\admin\options.py", line 857, in get_changelist_instance
    return ChangeList(
        request,
    ...<12 lines>...
        self.search_help_text,
    )
  File "C:\Users\SREENAND PK\Desktop\PROJECTS\CareStream_backend\venv\Lib\site-packages\django\contrib\admin\views\main.py", line 142, in __init__
    self.queryset = self.get_queryset(request)
                    ~~~~~~~~~~~~~~~~~^^^^^^^^^
  File "C:\Users\SREENAND PK\Desktop\PROJECTS\CareStream_backend\venv\Lib\site-packages\django\contrib\admin\views\main.py", line 533, in get_queryset
    ) = self.get_filters(request)
        ~~~~~~~~~~~~~~~~^^^^^^^^^
  File "C:\Users\SREENAND PK\Desktop\PROJECTS\CareStream_backend\venv\Lib\site-packages\django\contrib\admin\views\main.py", line 203, in get_filters
    spec = field_list_filter_class(
        field,
    ...<4 lines>...
        field_path=field_path,
    )
  File "C:\Users\SREENAND PK\Desktop\PROJECTS\CareStream_backend\venv\Lib\site-packages\django\contrib\admin\filters.py", line 217, in create
    return list_filter_class(
        field, request, params, model, model_admin, field_path=field_path
    )
  File "C:\Users\SREENAND PK\Desktop\PROJECTS\CareStream_backend\venv\Lib\site-packages\django\contrib\admin\filters.py", line 232, in __init__
    self.lookup_choices = self.field_choices(field, request, model_admin)
                          ~~~~~~~~~~~~~~~~~~^^^^^^^^^^^^^^^^^^^^^^^^^^^^^
  File "C:\Users\SREENAND PK\Desktop\PROJECTS\CareStream_backend\venv\Lib\site-packages\django\contrib\admin\filters.py", line 273, in field_choices
    return field.get_choices(include_blank=False, ordering=ordering)
           ~~~~~~~~~~~~~~~~~^^^^^^^^^^^^^^^^^^^^^^^^^^^^^^^^^^^^^^^^
  File "C:\Users\SREENAND PK\Desktop\PROJECTS\CareStream_backend\venv\Lib\site-packages\django\db\models\fields\__init__.py", line 1082, in get_choices
    (choice_func(x), str(x)) for x in qs
                                      ^^
  File "C:\Users\SREENAND PK\Desktop\PROJECTS\CareStream_backend\venv\Lib\site-packages\django\db\models\query.py", line 390, in __iter__
    self._fetch_all()
    ~~~~~~~~~~~~~~~^^
  File "C:\Users\SREENAND PK\Desktop\PROJECTS\CareStream_backend\venv\Lib\site-packages\django\db\models\query.py", line 2000, in _fetch_all
    self._result_cache = list(self._iterable_class(self))
                         ~~~~^^^^^^^^^^^^^^^^^^^^^^^^^^^^
  File "C:\Users\SREENAND PK\Desktop\PROJECTS\CareStream_backend\venv\Lib\site-packages\django\db\models\query.py", line 95, in __iter__
    results = compiler.execute_sql(
        chunked_fetch=self.chunked_fetch, chunk_size=self.chunk_size
    )
  File "C:\Users\SREENAND PK\Desktop\PROJECTS\CareStream_backend\venv\Lib\site-packages\django\db\models\sql\compiler.py", line 1624, in execute_sql
    cursor.execute(sql, params)
    ~~~~~~~~~~~~~~^^^^^^^^^^^^^
  File "C:\Users\SREENAND PK\Desktop\PROJECTS\CareStream_backend\venv\Lib\site-packages\django\db\backends\utils.py", line 122, in execute
    return super().execute(sql, params)
           ~~~~~~~~~~~~~~~^^^^^^^^^^^^^
  File "C:\Users\SREENAND PK\Desktop\PROJECTS\CareStream_backend\venv\Lib\site-packages\django\db\backends\utils.py", line 79, in execute
    return self._execute_with_wrappers(
           ~~~~~~~~~~~~~~~~~~~~~~~~~~~^
        sql, params, many=False, executor=self._execute
        ^^^^^^^^^^^^^^^^^^^^^^^^^^^^^^^^^^^^^^^^^^^^^^^
    )
    ^
  File "C:\Users\SREENAND PK\Desktop\PROJECTS\CareStream_backend\venv\Lib\site-packages\django\db\backends\utils.py", line 92, in _execute_with_wrappers
    return executor(sql, params, many, context)
  File "C:\Users\SREENAND PK\Desktop\PROJECTS\CareStream_backend\venv\Lib\site-packages\django\db\backends\utils.py", line 100, in _execute
    with self.db.wrap_database_errors:
         ^^^^^^^^^^^^^^^^^^^^^^^^^^^^
  File "C:\Users\SREENAND PK\Desktop\PROJECTS\CareStream_backend\venv\Lib\site-packages\django\db\utils.py", line 94, in __exit__
    raise dj_exc_value.with_traceback(traceback) from exc_value
  File "C:\Users\SREENAND PK\Desktop\PROJECTS\CareStream_backend\venv\Lib\site-packages\django\db\backends\utils.py", line 105, in _execute
    return self.cursor.execute(sql, params)
           ~~~~~~~~~~~~~~~~~~~^^^^^^^^^^^^^
django.db.utils.ProgrammingError: WITHIN GROUP is required for ordered-set aggregate mode
LINE 1: ...device"."device_type", "devices_device"."status", "devices_d...
                                                             ^

[2026-04-03 17:22:03,499] ERROR django.request Internal Server Error: /admin/vitals/vital/
Traceback (most recent call last):
  File "C:\Users\SREENAND PK\Desktop\PROJECTS\CareStream_backend\venv\Lib\site-packages\django\db\backends\utils.py", line 105, in _execute
    return self.cursor.execute(sql, params)
           ~~~~~~~~~~~~~~~~~~~^^^^^^^^^^^^^
psycopg2.errors.WrongObjectType: WITHIN GROUP is required for ordered-set aggregate mode
LINE 1: ...device"."device_type", "devices_device"."status", "devices_d...
                                                             ^


The above exception was the direct cause of the following exception:

Traceback (most recent call last):
  File "C:\Users\SREENAND PK\Desktop\PROJECTS\CareStream_backend\venv\Lib\site-packages\django\core\handlers\exception.py", line 55, in inner
    response = get_response(request)
  File "C:\Users\SREENAND PK\Desktop\PROJECTS\CareStream_backend\venv\Lib\site-packages\django\core\handlers\base.py", line 198, in _get_response
    response = wrapped_callback(request, *callback_args, **callback_kwargs)
  File "C:\Users\SREENAND PK\Desktop\PROJECTS\CareStream_backend\venv\Lib\site-packages\django\contrib\admin\options.py", line 710, in wrapper
    return self.admin_site.admin_view(view)(*args, **kwargs)
           ~~~~~~~~~~~~~~~~~~~~~~~~~~~~~~~~^^^^^^^^^^^^^^^^^
  File "C:\Users\SREENAND PK\Desktop\PROJECTS\CareStream_backend\venv\Lib\site-packages\django\utils\decorators.py", line 192, in _view_wrapper
    result = _process_exception(request, e)
  File "C:\Users\SREENAND PK\Desktop\PROJECTS\CareStream_backend\venv\Lib\site-packages\django\utils\decorators.py", line 190, in _view_wrapper
    response = view_func(request, *args, **kwargs)
  File "C:\Users\SREENAND PK\Desktop\PROJECTS\CareStream_backend\venv\Lib\site-packages\django\views\decorators\cache.py", line 80, in _view_wrapper
    response = view_func(request, *args, **kwargs)
  File "C:\Users\SREENAND PK\Desktop\PROJECTS\CareStream_backend\venv\Lib\site-packages\django\contrib\admin\sites.py", line 247, in inner
    return view(request, *args, **kwargs)
  File "C:\Users\SREENAND PK\Desktop\PROJECTS\CareStream_backend\venv\Lib\site-packages\django\utils\decorators.py", line 48, in _wrapper
    return bound_method(*args, **kwargs)
  File "C:\Users\SREENAND PK\Desktop\PROJECTS\CareStream_backend\venv\Lib\site-packages\django\utils\decorators.py", line 192, in _view_wrapper
    result = _process_exception(request, e)
  File "C:\Users\SREENAND PK\Desktop\PROJECTS\CareStream_backend\venv\Lib\site-packages\django\utils\decorators.py", line 190, in _view_wrapper
    response = view_func(request, *args, **kwargs)
  File "C:\Users\SREENAND PK\Desktop\PROJECTS\CareStream_backend\venv\Lib\site-packages\django\contrib\admin\options.py", line 1982, in changelist_view
    cl = self.get_changelist_instance(request)
  File "C:\Users\SREENAND PK\Desktop\PROJECTS\CareStream_backend\venv\Lib\site-packages\django\contrib\admin\options.py", line 857, in get_changelist_instance
    return ChangeList(
        request,
    ...<12 lines>...
        self.search_help_text,
    )
  File "C:\Users\SREENAND PK\Desktop\PROJECTS\CareStream_backend\venv\Lib\site-packages\django\contrib\admin\views\main.py", line 142, in __init__
    self.queryset = self.get_queryset(request)
                    ~~~~~~~~~~~~~~~~~^^^^^^^^^
  File "C:\Users\SREENAND PK\Desktop\PROJECTS\CareStream_backend\venv\Lib\site-packages\django\contrib\admin\views\main.py", line 533, in get_queryset
    ) = self.get_filters(request)
        ~~~~~~~~~~~~~~~~^^^^^^^^^
  File "C:\Users\SREENAND PK\Desktop\PROJECTS\CareStream_backend\venv\Lib\site-packages\django\contrib\admin\views\main.py", line 203, in get_filters
    spec = field_list_filter_class(
        field,
    ...<4 lines>...
        field_path=field_path,
    )
  File "C:\Users\SREENAND PK\Desktop\PROJECTS\CareStream_backend\venv\Lib\site-packages\django\contrib\admin\filters.py", line 217, in create
    return list_filter_class(
        field, request, params, model, model_admin, field_path=field_path
    )
  File "C:\Users\SREENAND PK\Desktop\PROJECTS\CareStream_backend\venv\Lib\site-packages\django\contrib\admin\filters.py", line 232, in __init__
    self.lookup_choices = self.field_choices(field, request, model_admin)
                          ~~~~~~~~~~~~~~~~~~^^^^^^^^^^^^^^^^^^^^^^^^^^^^^
  File "C:\Users\SREENAND PK\Desktop\PROJECTS\CareStream_backend\venv\Lib\site-packages\django\contrib\admin\filters.py", line 273, in field_choices
    return field.get_choices(include_blank=False, ordering=ordering)
           ~~~~~~~~~~~~~~~~~^^^^^^^^^^^^^^^^^^^^^^^^^^^^^^^^^^^^^^^^
  File "C:\Users\SREENAND PK\Desktop\PROJECTS\CareStream_backend\venv\Lib\site-packages\django\db\models\fields\__init__.py", line 1082, in get_choices
    (choice_func(x), str(x)) for x in qs
                                      ^^
  File "C:\Users\SREENAND PK\Desktop\PROJECTS\CareStream_backend\venv\Lib\site-packages\django\db\models\query.py", line 390, in __iter__
    self._fetch_all()
    ~~~~~~~~~~~~~~~^^
  File "C:\Users\SREENAND PK\Desktop\PROJECTS\CareStream_backend\venv\Lib\site-packages\django\db\models\query.py", line 2000, in _fetch_all
    self._result_cache = list(self._iterable_class(self))
                         ~~~~^^^^^^^^^^^^^^^^^^^^^^^^^^^^
  File "C:\Users\SREENAND PK\Desktop\PROJECTS\CareStream_backend\venv\Lib\site-packages\django\db\models\query.py", line 95, in __iter__
    results = compiler.execute_sql(
        chunked_fetch=self.chunked_fetch, chunk_size=self.chunk_size
    )
  File "C:\Users\SREENAND PK\Desktop\PROJECTS\CareStream_backend\venv\Lib\site-packages\django\db\models\sql\compiler.py", line 1624, in execute_sql
    cursor.execute(sql, params)
    ~~~~~~~~~~~~~~^^^^^^^^^^^^^
  File "C:\Users\SREENAND PK\Desktop\PROJECTS\CareStream_backend\venv\Lib\site-packages\django\db\backends\utils.py", line 122, in execute
    return super().execute(sql, params)
           ~~~~~~~~~~~~~~~^^^^^^^^^^^^^
  File "C:\Users\SREENAND PK\Desktop\PROJECTS\CareStream_backend\venv\Lib\site-packages\django\db\backends\utils.py", line 79, in execute
    return self._execute_with_wrappers(
           ~~~~~~~~~~~~~~~~~~~~~~~~~~~^
        sql, params, many=False, executor=self._execute
        ^^^^^^^^^^^^^^^^^^^^^^^^^^^^^^^^^^^^^^^^^^^^^^^
    )
    ^
  File "C:\Users\SREENAND PK\Desktop\PROJECTS\CareStream_backend\venv\Lib\site-packages\django\db\backends\utils.py", line 92, in _execute_with_wrappers
    return executor(sql, params, many, context)
  File "C:\Users\SREENAND PK\Desktop\PROJECTS\CareStream_backend\venv\Lib\site-packages\django\db\backends\utils.py", line 100, in _execute
    with self.db.wrap_database_errors:
         ^^^^^^^^^^^^^^^^^^^^^^^^^^^^
  File "C:\Users\SREENAND PK\Desktop\PROJECTS\CareStream_backend\venv\Lib\site-packages\django\db\utils.py", line 94, in __exit__
    raise dj_exc_value.with_traceback(traceback) from exc_value
  File "C:\Users\SREENAND PK\Desktop\PROJECTS\CareStream_backend\venv\Lib\site-packages\django\db\backends\utils.py", line 105, in _execute
    return self.cursor.execute(sql, params)
           ~~~~~~~~~~~~~~~~~~~^^^^^^^^^^^^^
django.db.utils.ProgrammingError: WITHIN GROUP is required for ordered-set aggregate mode
LINE 1: ...device"."device_type", "devices_device"."status", "devices_d...
                                                             ^

[2026-04-03 17:22:08,021] ERROR django.request Internal Server Error: /admin/vitals/vital/
Traceback (most recent call last):
  File "C:\Users\SREENAND PK\Desktop\PROJECTS\CareStream_backend\venv\Lib\site-packages\django\db\backends\utils.py", line 105, in _execute
    return self.cursor.execute(sql, params)
           ~~~~~~~~~~~~~~~~~~~^^^^^^^^^^^^^
psycopg2.errors.WrongObjectType: WITHIN GROUP is required for ordered-set aggregate mode
LINE 1: ...device"."device_type", "devices_device"."status", "devices_d...
                                                             ^


The above exception was the direct cause of the following exception:

Traceback (most recent call last):
  File "C:\Users\SREENAND PK\Desktop\PROJECTS\CareStream_backend\venv\Lib\site-packages\django\core\handlers\exception.py", line 55, in inner
    response = get_response(request)
  File "C:\Users\SREENAND PK\Desktop\PROJECTS\CareStream_backend\venv\Lib\site-packages\django\core\handlers\base.py", line 198, in _get_response
    response = wrapped_callback(request, *callback_args, **callback_kwargs)
  File "C:\Users\SREENAND PK\Desktop\PROJECTS\CareStream_backend\venv\Lib\site-packages\django\contrib\admin\options.py", line 710, in wrapper
    return self.admin_site.admin_view(view)(*args, **kwargs)
           ~~~~~~~~~~~~~~~~~~~~~~~~~~~~~~~~^^^^^^^^^^^^^^^^^
  File "C:\Users\SREENAND PK\Desktop\PROJECTS\CareStream_backend\venv\Lib\site-packages\django\utils\decorators.py", line 192, in _view_wrapper
    result = _process_exception(request, e)
  File "C:\Users\SREENAND PK\Desktop\PROJECTS\CareStream_backend\venv\Lib\site-packages\django\utils\decorators.py", line 190, in _view_wrapper
    response = view_func(request, *args, **kwargs)
  File "C:\Users\SREENAND PK\Desktop\PROJECTS\CareStream_backend\venv\Lib\site-packages\django\views\decorators\cache.py", line 80, in _view_wrapper
    response = view_func(request, *args, **kwargs)
  File "C:\Users\SREENAND PK\Desktop\PROJECTS\CareStream_backend\venv\Lib\site-packages\django\contrib\admin\sites.py", line 247, in inner
    return view(request, *args, **kwargs)
  File "C:\Users\SREENAND PK\Desktop\PROJECTS\CareStream_backend\venv\Lib\site-packages\django\utils\decorators.py", line 48, in _wrapper
    return bound_method(*args, **kwargs)
  File "C:\Users\SREENAND PK\Desktop\PROJECTS\CareStream_backend\venv\Lib\site-packages\django\utils\decorators.py", line 192, in _view_wrapper
    result = _process_exception(request, e)
  File "C:\Users\SREENAND PK\Desktop\PROJECTS\CareStream_backend\venv\Lib\site-packages\django\utils\decorators.py", line 190, in _view_wrapper
    response = view_func(request, *args, **kwargs)
  File "C:\Users\SREENAND PK\Desktop\PROJECTS\CareStream_backend\venv\Lib\site-packages\django\contrib\admin\options.py", line 1982, in changelist_view
    cl = self.get_changelist_instance(request)
  File "C:\Users\SREENAND PK\Desktop\PROJECTS\CareStream_backend\venv\Lib\site-packages\django\contrib\admin\options.py", line 857, in get_changelist_instance
    return ChangeList(
        request,
    ...<12 lines>...
        self.search_help_text,
    )
  File "C:\Users\SREENAND PK\Desktop\PROJECTS\CareStream_backend\venv\Lib\site-packages\django\contrib\admin\views\main.py", line 142, in __init__
    self.queryset = self.get_queryset(request)
                    ~~~~~~~~~~~~~~~~~^^^^^^^^^
  File "C:\Users\SREENAND PK\Desktop\PROJECTS\CareStream_backend\venv\Lib\site-packages\django\contrib\admin\views\main.py", line 533, in get_queryset
    ) = self.get_filters(request)
        ~~~~~~~~~~~~~~~~^^^^^^^^^
  File "C:\Users\SREENAND PK\Desktop\PROJECTS\CareStream_backend\venv\Lib\site-packages\django\contrib\admin\views\main.py", line 203, in get_filters
    spec = field_list_filter_class(
        field,
    ...<4 lines>...
        field_path=field_path,
    )
  File "C:\Users\SREENAND PK\Desktop\PROJECTS\CareStream_backend\venv\Lib\site-packages\django\contrib\admin\filters.py", line 217, in create
    return list_filter_class(
        field, request, params, model, model_admin, field_path=field_path
    )
  File "C:\Users\SREENAND PK\Desktop\PROJECTS\CareStream_backend\venv\Lib\site-packages\django\contrib\admin\filters.py", line 232, in __init__
    self.lookup_choices = self.field_choices(field, request, model_admin)
                          ~~~~~~~~~~~~~~~~~~^^^^^^^^^^^^^^^^^^^^^^^^^^^^^
  File "C:\Users\SREENAND PK\Desktop\PROJECTS\CareStream_backend\venv\Lib\site-packages\django\contrib\admin\filters.py", line 273, in field_choices
    return field.get_choices(include_blank=False, ordering=ordering)
           ~~~~~~~~~~~~~~~~~^^^^^^^^^^^^^^^^^^^^^^^^^^^^^^^^^^^^^^^^
  File "C:\Users\SREENAND PK\Desktop\PROJECTS\CareStream_backend\venv\Lib\site-packages\django\db\models\fields\__init__.py", line 1082, in get_choices
    (choice_func(x), str(x)) for x in qs
                                      ^^
  File "C:\Users\SREENAND PK\Desktop\PROJECTS\CareStream_backend\venv\Lib\site-packages\django\db\models\query.py", line 390, in __iter__
    self._fetch_all()
    ~~~~~~~~~~~~~~~^^
  File "C:\Users\SREENAND PK\Desktop\PROJECTS\CareStream_backend\venv\Lib\site-packages\django\db\models\query.py", line 2000, in _fetch_all
    self._result_cache = list(self._iterable_class(self))
                         ~~~~^^^^^^^^^^^^^^^^^^^^^^^^^^^^
  File "C:\Users\SREENAND PK\Desktop\PROJECTS\CareStream_backend\venv\Lib\site-packages\django\db\models\query.py", line 95, in __iter__
    results = compiler.execute_sql(
        chunked_fetch=self.chunked_fetch, chunk_size=self.chunk_size
    )
  File "C:\Users\SREENAND PK\Desktop\PROJECTS\CareStream_backend\venv\Lib\site-packages\django\db\models\sql\compiler.py", line 1624, in execute_sql
    cursor.execute(sql, params)
    ~~~~~~~~~~~~~~^^^^^^^^^^^^^
  File "C:\Users\SREENAND PK\Desktop\PROJECTS\CareStream_backend\venv\Lib\site-packages\django\db\backends\utils.py", line 122, in execute
    return super().execute(sql, params)
           ~~~~~~~~~~~~~~~^^^^^^^^^^^^^
  File "C:\Users\SREENAND PK\Desktop\PROJECTS\CareStream_backend\venv\Lib\site-packages\django\db\backends\utils.py", line 79, in execute
    return self._execute_with_wrappers(
           ~~~~~~~~~~~~~~~~~~~~~~~~~~~^
        sql, params, many=False, executor=self._execute
        ^^^^^^^^^^^^^^^^^^^^^^^^^^^^^^^^^^^^^^^^^^^^^^^
    )
    ^
  File "C:\Users\SREENAND PK\Desktop\PROJECTS\CareStream_backend\venv\Lib\site-packages\django\db\backends\utils.py", line 92, in _execute_with_wrappers
    return executor(sql, params, many, context)
  File "C:\Users\SREENAND PK\Desktop\PROJECTS\CareStream_backend\venv\Lib\site-packages\django\db\backends\utils.py", line 100, in _execute
    with self.db.wrap_database_errors:
         ^^^^^^^^^^^^^^^^^^^^^^^^^^^^
  File "C:\Users\SREENAND PK\Desktop\PROJECTS\CareStream_backend\venv\Lib\site-packages\django\db\utils.py", line 94, in __exit__
    raise dj_exc_value.with_traceback(traceback) from exc_value
  File "C:\Users\SREENAND PK\Desktop\PROJECTS\CareStream_backend\venv\Lib\site-packages\django\db\backends\utils.py", line 105, in _execute
    return self.cursor.execute(sql, params)
           ~~~~~~~~~~~~~~~~~~~^^^^^^^^^^^^^
django.db.utils.ProgrammingError: WITHIN GROUP is required for ordered-set aggregate mode
LINE 1: ...device"."device_type", "devices_device"."status", "devices_d...
                                                             ^

[2026-04-03 17:35:50,178] ERROR django.request Internal Server Error: /admin/simulation/simulationconfig/
Traceback (most recent call last):
  File "C:\Users\SREENAND PK\Desktop\PROJECTS\CareStream_backend\venv\Lib\site-packages\django\db\backends\utils.py", line 105, in _execute
    return self.cursor.execute(sql, params)
           ~~~~~~~~~~~~~~~~~~~^^^^^^^^^^^^^
psycopg2.errors.UndefinedTable: relation "simulation_simulationconfig" does not exist
LINE 1: SELECT COUNT(*) AS "__count" FROM "simulation_simulationconf...
                                          ^


The above exception was the direct cause of the following exception:

Traceback (most recent call last):
  File "C:\Users\SREENAND PK\Desktop\PROJECTS\CareStream_backend\venv\Lib\site-packages\django\core\handlers\exception.py", line 55, in inner
    response = get_response(request)
  File "C:\Users\SREENAND PK\Desktop\PROJECTS\CareStream_backend\venv\Lib\site-packages\django\core\handlers\base.py", line 198, in _get_response
    response = wrapped_callback(request, *callback_args, **callback_kwargs)
  File "C:\Users\SREENAND PK\Desktop\PROJECTS\CareStream_backend\venv\Lib\site-packages\django\contrib\admin\options.py", line 710, in wrapper
    return self.admin_site.admin_view(view)(*args, **kwargs)
           ~~~~~~~~~~~~~~~~~~~~~~~~~~~~~~~~^^^^^^^^^^^^^^^^^
  File "C:\Users\SREENAND PK\Desktop\PROJECTS\CareStream_backend\venv\Lib\site-packages\django\utils\decorators.py", line 192, in _view_wrapper
    result = _process_exception(request, e)
  File "C:\Users\SREENAND PK\Desktop\PROJECTS\CareStream_backend\venv\Lib\site-packages\django\utils\decorators.py", line 190, in _view_wrapper
    response = view_func(request, *args, **kwargs)
  File "C:\Users\SREENAND PK\Desktop\PROJECTS\CareStream_backend\venv\Lib\site-packages\django\views\decorators\cache.py", line 80, in _view_wrapper
    response = view_func(request, *args, **kwargs)
  File "C:\Users\SREENAND PK\Desktop\PROJECTS\CareStream_backend\venv\Lib\site-packages\django\contrib\admin\sites.py", line 247, in inner
    return view(request, *args, **kwargs)
  File "C:\Users\SREENAND PK\Desktop\PROJECTS\CareStream_backend\venv\Lib\site-packages\django\utils\decorators.py", line 48, in _wrapper
    return bound_method(*args, **kwargs)
  File "C:\Users\SREENAND PK\Desktop\PROJECTS\CareStream_backend\venv\Lib\site-packages\django\utils\decorators.py", line 192, in _view_wrapper
    result = _process_exception(request, e)
  File "C:\Users\SREENAND PK\Desktop\PROJECTS\CareStream_backend\venv\Lib\site-packages\django\utils\decorators.py", line 190, in _view_wrapper
    response = view_func(request, *args, **kwargs)
  File "C:\Users\SREENAND PK\Desktop\PROJECTS\CareStream_backend\venv\Lib\site-packages\django\contrib\admin\options.py", line 1982, in changelist_view
    cl = self.get_changelist_instance(request)
  File "C:\Users\SREENAND PK\Desktop\PROJECTS\CareStream_backend\venv\Lib\site-packages\django\contrib\admin\options.py", line 857, in get_changelist_instance
    return ChangeList(
        request,
    ...<12 lines>...
        self.search_help_text,
    )
  File "C:\Users\SREENAND PK\Desktop\PROJECTS\CareStream_backend\venv\Lib\site-packages\django\contrib\admin\views\main.py", line 143, in __init__
    self.get_results(request)
    ~~~~~~~~~~~~~~~~^^^^^^^^^
  File "C:\Users\SREENAND PK\Desktop\PROJECTS\CareStream_backend\venv\Lib\site-packages\django\contrib\admin\views\main.py", line 300, in get_results
    result_count = paginator.count
                   ^^^^^^^^^^^^^^^
  File "C:\Users\SREENAND PK\Desktop\PROJECTS\CareStream_backend\venv\Lib\site-packages\django\utils\functional.py", line 47, in __get__
    res = instance.__dict__[self.name] = self.func(instance)
                                         ~~~~~~~~~^^^^^^^^^^
  File "C:\Users\SREENAND PK\Desktop\PROJECTS\CareStream_backend\venv\Lib\site-packages\django\core\paginator.py", line 189, in count
    return c()
  File "C:\Users\SREENAND PK\Desktop\PROJECTS\CareStream_backend\venv\Lib\site-packages\django\db\models\query.py", line 610, in count
    return self.query.get_count(using=self.db)
           ~~~~~~~~~~~~~~~~~~~~^^^^^^^^^^^^^^^
  File "C:\Users\SREENAND PK\Desktop\PROJECTS\CareStream_backend\venv\Lib\site-packages\django\db\models\sql\query.py", line 656, in get_count
    return obj.get_aggregation(using, {"__count": Count("*")})["__count"]
           ~~~~~~~~~~~~~~~~~~~^^^^^^^^^^^^^^^^^^^^^^^^^^^^^^^^
  File "C:\Users\SREENAND PK\Desktop\PROJECTS\CareStream_backend\venv\Lib\site-packages\django\db\models\sql\query.py", line 638, in get_aggregation
    result = compiler.execute_sql(SINGLE)
  File "C:\Users\SREENAND PK\Desktop\PROJECTS\CareStream_backend\venv\Lib\site-packages\django\db\models\sql\compiler.py", line 1624, in execute_sql
    cursor.execute(sql, params)
    ~~~~~~~~~~~~~~^^^^^^^^^^^^^
  File "C:\Users\SREENAND PK\Desktop\PROJECTS\CareStream_backend\venv\Lib\site-packages\django\db\backends\utils.py", line 122, in execute
    return super().execute(sql, params)
           ~~~~~~~~~~~~~~~^^^^^^^^^^^^^
  File "C:\Users\SREENAND PK\Desktop\PROJECTS\CareStream_backend\venv\Lib\site-packages\django\db\backends\utils.py", line 79, in execute
    return self._execute_with_wrappers(
           ~~~~~~~~~~~~~~~~~~~~~~~~~~~^
        sql, params, many=False, executor=self._execute
        ^^^^^^^^^^^^^^^^^^^^^^^^^^^^^^^^^^^^^^^^^^^^^^^
    )
    ^
  File "C:\Users\SREENAND PK\Desktop\PROJECTS\CareStream_backend\venv\Lib\site-packages\django\db\backends\utils.py", line 92, in _execute_with_wrappers
    return executor(sql, params, many, context)
  File "C:\Users\SREENAND PK\Desktop\PROJECTS\CareStream_backend\venv\Lib\site-packages\django\db\backends\utils.py", line 100, in _execute
    with self.db.wrap_database_errors:
         ^^^^^^^^^^^^^^^^^^^^^^^^^^^^
  File "C:\Users\SREENAND PK\Desktop\PROJECTS\CareStream_backend\venv\Lib\site-packages\django\db\utils.py", line 94, in __exit__
    raise dj_exc_value.with_traceback(traceback) from exc_value
  File "C:\Users\SREENAND PK\Desktop\PROJECTS\CareStream_backend\venv\Lib\site-packages\django\db\backends\utils.py", line 105, in _execute
    return self.cursor.execute(sql, params)
           ~~~~~~~~~~~~~~~~~~~^^^^^^^^^^^^^
django.db.utils.ProgrammingError: relation "simulation_simulationconfig" does not exist
LINE 1: SELECT COUNT(*) AS "__count" FROM "simulation_simulationconf...
                                          ^

