[2026-03-18 13:19:22,519] WARNING security Wrong login ann attempt 3
[2026-03-18 13:21:01,902] WARNING security Wrong login ann attempt 2
[2026-03-18 13:21:12,948] WARNING security Wrong login ann attempt 4
[2026-03-18 13:21:23,426] WARNING security Wrong login ann attempt 6
[2026-03-18 13:21:23,426] WARNING security User locked ann
[2026-03-18 13:21:37,315] WARNING security Wrong login ann attempt 7
[2026-03-18 13:21:37,315] WARNING security User locked ann
[2026-03-18 13:32:15,908] WARNING security Wrong login ann
[2026-03-18 14:17:02,462] WARNING security Wrong login sreenand
[2026-03-18 14:18:11,556] WARNING security Wrong login sreenand
[2026-03-18 14:18:28,494] WARNING security Wrong login ann
[2026-03-18 14:35:05,706] WARNING security Wrong login ann
[2026-03-18 16:25:05,732] WARNING security Wrong login ann
[2026-03-18 16:35:03,027] WARNING security Wrong login ann
[2026-03-19 12:08:40,015] WARNING security Wrong login ann
[2026-03-19 12:11:53,897] WARNING security Wrong login ann
[2026-03-24 10:47:30,109] WARNING security Invalid OTP sreenand
[2026-03-24 11:37:40,153] WARNING security Invalid OTP sreenand
[2026-03-24 14:53:41,140] WARNING security Wrong login ann
[2026-03-24 14:55:36,121] WARNING security Invalid reset OTP ann
[2026-03-24 15:02:54,554] WARNING security Reset password OTP expired ann
[2026-03-24 15:03:00,590] WARNING security Reset password OTP expired ann
[2026-03-24 16:45:38,652] WARNING security Invalid OTP sreenand
[2026-03-24 16:45:43,263] WARNING security Invalid OTP sreenand
[2026-03-24 16:45:56,987] WARNING security Invalid OTP sreenand
[2026-03-24 16:47:11,848] WARNING security Invalid OTP sreenand
[2026-03-24 16:57:54,436] WARNING security Invalid OTP david
[2026-03-24 16:57:58,864] WARNING security Invalid OTP david
[2026-03-24 17:05:41,135] WARNING security Wrong login david
[2026-03-24 17:15:26,794] WARNING security Reset without OTP david
[2026-03-24 18:27:01,541] WARNING security Invalid reset token
[2026-03-25 14:46:53,520] WARNING security OTP verify user not found username
[2026-04-06 11:16:43,689] WARNING security Invalid OTP sreenand
